#
# There is insufficient memory for the Java Runtime Environment to continue.
# Native memory allocation (malloc) failed to allocate 282416 bytes for Chunk::new
# Possible reasons:
#   The system is out of physical RAM or swap space
#   The process is running with CompressedOops enabled, and the Java Heap may be blocking the growth of the native heap
# Possible solutions:
#   Reduce memory load on the system
#   Increase physical memory or swap space
#   Check if swap backing store is full
#   Decrease Java heap size (-Xmx/-Xms)
#   Decrease number of Java threads
#   Decrease Java thread stack sizes (-Xss)
#   Set larger code cache with -XX:ReservedCodeCacheSize=
#   JVM is running with Zero Based Compressed Oops mode in which the Java heap is
#     placed in the first 32GB address space. The Java Heap base address is the
#     maximum limit for the native heap growth. Please use -XX:HeapBaseMinAddress
#     to set the Java Heap base and to place the Java Heap above 32GB virtual address.
# This output file may be truncated or incomplete.
#
#  Out of Memory Error (./src/hotspot/share/memory/arena.cpp:197), pid=27136, tid=40900
#
# JRE version: OpenJDK Runtime Environment Temurin-11.0.14.1+1 (11.0.14.1+1) (build 11.0.14.1+1)
# Java VM: OpenJDK 64-Bit Server VM Temurin-11.0.14.1+1 (11.0.14.1+1, mixed mode, tiered, compressed oops, g1 gc, windows-amd64)
# No core dump will be written. Minidumps are not enabled by default on client versions of Windows
#

---------------  S U M M A R Y ------------

Command Line: -Dfile.encoding=UTF-8 -Dcom.android.sdklib.toolsdir=D:\Program Files\Unity\Hub\Editor\2022.3.17f1\Editor\Data\PlaybackEngines\AndroidPlayer\SDK\cmdline-tools\6.0\bin\\.. com.android.sdklib.tool.sdkmanager.SdkManagerCli --list

Host: Intel(R) Core(TM) i5-10400F CPU @ 2.90GHz, 12 cores, 15G,  Windows 11 , 64 bit Build 22621 (10.0.22621.3085)
Time: Tue Mar 12 12:17:11 2024 Фінляндія (зима) elapsed time: 1.594465 seconds (0d 0h 0m 1s)

---------------  T H R E A D  ---------------

Current thread (0x0000022ae7189000):  JavaThread "C2 CompilerThread0" daemon [_thread_in_native, id=40900, stack(0x00000045d6100000,0x00000045d6200000)]


Current CompileTask:
C2:   1594  699       4       java.util.jar.JarFile::getEntry0 (24 bytes)

Stack: [0x00000045d6100000,0x00000045d6200000]
Native frames: (J=compiled Java code, j=interpreted, Vv=VM code, C=native code)
V  [jvm.dll+0x61e59a]
V  [jvm.dll+0x7aaca9]
V  [jvm.dll+0x7ac398]
V  [jvm.dll+0x7aca73]
V  [jvm.dll+0x24f9b8]
V  [jvm.dll+0xc260c]
V  [jvm.dll+0xc2bcc]
V  [jvm.dll+0x359a07]
V  [jvm.dll+0x325b93]
V  [jvm.dll+0x324eca]
V  [jvm.dll+0x208c05]
V  [jvm.dll+0x207ded]
V  [jvm.dll+0x18a2c1]
V  [jvm.dll+0x217734]
V  [jvm.dll+0x21597b]
V  [jvm.dll+0x76d7c0]
V  [jvm.dll+0x766724]
V  [jvm.dll+0x61d3f6]
C  [ucrtbase.dll+0x29363]
C  [KERNEL32.DLL+0x1257d]
C  [ntdll.dll+0x5aa58]


---------------  P R O C E S S  ---------------

Threads class SMR info:
_java_thread_list=0x0000022ae7b641c0, length=11, elements={
0x0000022ac2793000, 0x0000022ae687d800, 0x0000022ae7122000, 0x0000022ae7180800,
0x0000022ae7183800, 0x0000022ae7184800, 0x0000022ae7189000, 0x0000022ae718c000,
0x0000022ae718d000, 0x0000022ae7316000, 0x0000022ae7a0b000
}

Java Threads: ( => current thread )
  0x0000022ac2793000 JavaThread "main" [_thread_in_native, id=24744, stack(0x00000045d5500000,0x00000045d5600000)]
  0x0000022ae687d800 JavaThread "Reference Handler" daemon [_thread_blocked, id=30896, stack(0x00000045d5c00000,0x00000045d5d00000)]
  0x0000022ae7122000 JavaThread "Finalizer" daemon [_thread_blocked, id=39492, stack(0x00000045d5d00000,0x00000045d5e00000)]
  0x0000022ae7180800 JavaThread "Signal Dispatcher" daemon [_thread_blocked, id=39988, stack(0x00000045d5e00000,0x00000045d5f00000)]
  0x0000022ae7183800 JavaThread "Attach Listener" daemon [_thread_blocked, id=6512, stack(0x00000045d5f00000,0x00000045d6000000)]
  0x0000022ae7184800 JavaThread "Service Thread" daemon [_thread_blocked, id=13064, stack(0x00000045d6000000,0x00000045d6100000)]
=>0x0000022ae7189000 JavaThread "C2 CompilerThread0" daemon [_thread_in_native, id=40900, stack(0x00000045d6100000,0x00000045d6200000)]
  0x0000022ae718c000 JavaThread "C1 CompilerThread0" daemon [_thread_blocked, id=40400, stack(0x00000045d6200000,0x00000045d6300000)]
  0x0000022ae718d000 JavaThread "Sweeper thread" daemon [_thread_blocked, id=39544, stack(0x00000045d6300000,0x00000045d6400000)]
  0x0000022ae7316000 JavaThread "Common-Cleaner" daemon [_thread_blocked, id=39864, stack(0x00000045d6500000,0x00000045d6600000)]
  0x0000022ae7a0b000 JavaThread "C2 CompilerThread1" daemon [_thread_in_native, id=38996, stack(0x00000045d6600000,0x00000045d6700000)]

Other Threads:
  0x0000022ae6878000 VMThread "VM Thread" [stack: 0x00000045d5b00000,0x00000045d5c00000] [id=24524]
  0x0000022ae730d000 WatcherThread [stack: 0x00000045d6400000,0x00000045d6500000] [id=16556]
  0x0000022ac27ac800 GCTaskThread "GC Thread#0" [stack: 0x00000045d5600000,0x00000045d5700000] [id=32740]
  0x0000022ac280d000 ConcurrentGCThread "G1 Main Marker" [stack: 0x00000045d5700000,0x00000045d5800000] [id=2756]
  0x0000022ac280f800 ConcurrentGCThread "G1 Conc#0" [stack: 0x00000045d5800000,0x00000045d5900000] [id=17816]
  0x0000022ae675b000 ConcurrentGCThread "G1 Refine#0" [stack: 0x00000045d5900000,0x00000045d5a00000] [id=2092]
  0x0000022ae675c800 ConcurrentGCThread "G1 Young RemSet Sampling" [stack: 0x00000045d5a00000,0x00000045d5b00000] [id=20776]

Threads with active compile tasks:
C2 CompilerThread0   1608  699       4       java.util.jar.JarFile::getEntry0 (24 bytes)
C2 CompilerThread1   1608  735  s!   4       jdk.internal.loader.URLClassPath::getLoader (194 bytes)

VM state:not at safepoint (normal execution)

VM Mutex/Monitor currently owned by a thread: None

Heap address: 0x0000000702400000, size: 4060 MB, Compressed Oops mode: Zero based, Oop shift amount: 3
Narrow klass base: 0x0000000800000000, Narrow klass shift: 0
Compressed class space size: 1073741824 Address: 0x0000000800000000

Heap:
 garbage-first heap   total 260096K, used 16384K [0x0000000702400000, 0x0000000800000000)
  region size 1024K, 17 young (17408K), 0 survivors (0K)
 Metaspace       used 11484K, capacity 11675K, committed 11904K, reserved 1067008K
  class space    used 1069K, capacity 1122K, committed 1152K, reserved 1048576K
Heap Regions: E=young(eden), S=young(survivor), O=old, HS=humongous(starts), HC=humongous(continues), CS=collection set, F=free, A=archive, TAMS=top-at-mark-start (previous, next)
|   0|0x0000000702400000, 0x0000000702500000, 0x0000000702500000|100%|HS|  |TAMS 0x0000000702400000, 0x0000000702400000| Complete 
|   1|0x0000000702500000, 0x0000000702500000, 0x0000000702600000|  0%| F|  |TAMS 0x0000000702500000, 0x0000000702500000| Untracked 
|   2|0x0000000702600000, 0x0000000702600000, 0x0000000702700000|  0%| F|  |TAMS 0x0000000702600000, 0x0000000702600000| Untracked 
|   3|0x0000000702700000, 0x0000000702700000, 0x0000000702800000|  0%| F|  |TAMS 0x0000000702700000, 0x0000000702700000| Untracked 
|   4|0x0000000702800000, 0x0000000702800000, 0x0000000702900000|  0%| F|  |TAMS 0x0000000702800000, 0x0000000702800000| Untracked 
|   5|0x0000000702900000, 0x0000000702900000, 0x0000000702a00000|  0%| F|  |TAMS 0x0000000702900000, 0x0000000702900000| Untracked 
|   6|0x0000000702a00000, 0x0000000702a00000, 0x0000000702b00000|  0%| F|  |TAMS 0x0000000702a00000, 0x0000000702a00000| Untracked 
|   7|0x0000000702b00000, 0x0000000702b00000, 0x0000000702c00000|  0%| F|  |TAMS 0x0000000702b00000, 0x0000000702b00000| Untracked 
|   8|0x0000000702c00000, 0x0000000702c00000, 0x0000000702d00000|  0%| F|  |TAMS 0x0000000702c00000, 0x0000000702c00000| Untracked 
|   9|0x0000000702d00000, 0x0000000702d00000, 0x0000000702e00000|  0%| F|  |TAMS 0x0000000702d00000, 0x0000000702d00000| Untracked 
|  10|0x0000000702e00000, 0x0000000702e00000, 0x0000000702f00000|  0%| F|  |TAMS 0x0000000702e00000, 0x0000000702e00000| Untracked 
|  11|0x0000000702f00000, 0x0000000702f00000, 0x0000000703000000|  0%| F|  |TAMS 0x0000000702f00000, 0x0000000702f00000| Untracked 
|  12|0x0000000703000000, 0x0000000703000000, 0x0000000703100000|  0%| F|  |TAMS 0x0000000703000000, 0x0000000703000000| Untracked 
|  13|0x0000000703100000, 0x0000000703100000, 0x0000000703200000|  0%| F|  |TAMS 0x0000000703100000, 0x0000000703100000| Untracked 
|  14|0x0000000703200000, 0x0000000703200000, 0x0000000703300000|  0%| F|  |TAMS 0x0000000703200000, 0x0000000703200000| Untracked 
|  15|0x0000000703300000, 0x0000000703300000, 0x0000000703400000|  0%| F|  |TAMS 0x0000000703300000, 0x0000000703300000| Untracked 
|  16|0x0000000703400000, 0x0000000703400000, 0x0000000703500000|  0%| F|  |TAMS 0x0000000703400000, 0x0000000703400000| Untracked 
|  17|0x0000000703500000, 0x0000000703500000, 0x0000000703600000|  0%| F|  |TAMS 0x0000000703500000, 0x0000000703500000| Untracked 
|  18|0x0000000703600000, 0x0000000703600000, 0x0000000703700000|  0%| F|  |TAMS 0x0000000703600000, 0x0000000703600000| Untracked 
|  19|0x0000000703700000, 0x0000000703700000, 0x0000000703800000|  0%| F|  |TAMS 0x0000000703700000, 0x0000000703700000| Untracked 
|  20|0x0000000703800000, 0x0000000703800000, 0x0000000703900000|  0%| F|  |TAMS 0x0000000703800000, 0x0000000703800000| Untracked 
|  21|0x0000000703900000, 0x0000000703900000, 0x0000000703a00000|  0%| F|  |TAMS 0x0000000703900000, 0x0000000703900000| Untracked 
|  22|0x0000000703a00000, 0x0000000703a00000, 0x0000000703b00000|  0%| F|  |TAMS 0x0000000703a00000, 0x0000000703a00000| Untracked 
|  23|0x0000000703b00000, 0x0000000703b00000, 0x0000000703c00000|  0%| F|  |TAMS 0x0000000703b00000, 0x0000000703b00000| Untracked 
|  24|0x0000000703c00000, 0x0000000703c00000, 0x0000000703d00000|  0%| F|  |TAMS 0x0000000703c00000, 0x0000000703c00000| Untracked 
|  25|0x0000000703d00000, 0x0000000703d00000, 0x0000000703e00000|  0%| F|  |TAMS 0x0000000703d00000, 0x0000000703d00000| Untracked 
|  26|0x0000000703e00000, 0x0000000703e00000, 0x0000000703f00000|  0%| F|  |TAMS 0x0000000703e00000, 0x0000000703e00000| Untracked 
|  27|0x0000000703f00000, 0x0000000703f00000, 0x0000000704000000|  0%| F|  |TAMS 0x0000000703f00000, 0x0000000703f00000| Untracked 
|  28|0x0000000704000000, 0x0000000704000000, 0x0000000704100000|  0%| F|  |TAMS 0x0000000704000000, 0x0000000704000000| Untracked 
|  29|0x0000000704100000, 0x0000000704100000, 0x0000000704200000|  0%| F|  |TAMS 0x0000000704100000, 0x0000000704100000| Untracked 
|  30|0x0000000704200000, 0x0000000704200000, 0x0000000704300000|  0%| F|  |TAMS 0x0000000704200000, 0x0000000704200000| Untracked 
|  31|0x0000000704300000, 0x0000000704300000, 0x0000000704400000|  0%| F|  |TAMS 0x0000000704300000, 0x0000000704300000| Untracked 
|  32|0x0000000704400000, 0x0000000704400000, 0x0000000704500000|  0%| F|  |TAMS 0x0000000704400000, 0x0000000704400000| Untracked 
|  33|0x0000000704500000, 0x0000000704500000, 0x0000000704600000|  0%| F|  |TAMS 0x0000000704500000, 0x0000000704500000| Untracked 
|  34|0x0000000704600000, 0x0000000704600000, 0x0000000704700000|  0%| F|  |TAMS 0x0000000704600000, 0x0000000704600000| Untracked 
|  35|0x0000000704700000, 0x0000000704700000, 0x0000000704800000|  0%| F|  |TAMS 0x0000000704700000, 0x0000000704700000| Untracked 
|  36|0x0000000704800000, 0x0000000704800000, 0x0000000704900000|  0%| F|  |TAMS 0x0000000704800000, 0x0000000704800000| Untracked 
|  37|0x0000000704900000, 0x0000000704900000, 0x0000000704a00000|  0%| F|  |TAMS 0x0000000704900000, 0x0000000704900000| Untracked 
|  38|0x0000000704a00000, 0x0000000704a00000, 0x0000000704b00000|  0%| F|  |TAMS 0x0000000704a00000, 0x0000000704a00000| Untracked 
|  39|0x0000000704b00000, 0x0000000704b00000, 0x0000000704c00000|  0%| F|  |TAMS 0x0000000704b00000, 0x0000000704b00000| Untracked 
|  40|0x0000000704c00000, 0x0000000704c00000, 0x0000000704d00000|  0%| F|  |TAMS 0x0000000704c00000, 0x0000000704c00000| Untracked 
|  41|0x0000000704d00000, 0x0000000704d00000, 0x0000000704e00000|  0%| F|  |TAMS 0x0000000704d00000, 0x0000000704d00000| Untracked 
|  42|0x0000000704e00000, 0x0000000704e00000, 0x0000000704f00000|  0%| F|  |TAMS 0x0000000704e00000, 0x0000000704e00000| Untracked 
|  43|0x0000000704f00000, 0x0000000704f00000, 0x0000000705000000|  0%| F|  |TAMS 0x0000000704f00000, 0x0000000704f00000| Untracked 
|  44|0x0000000705000000, 0x0000000705000000, 0x0000000705100000|  0%| F|  |TAMS 0x0000000705000000, 0x0000000705000000| Untracked 
|  45|0x0000000705100000, 0x0000000705100000, 0x0000000705200000|  0%| F|  |TAMS 0x0000000705100000, 0x0000000705100000| Untracked 
|  46|0x0000000705200000, 0x0000000705200000, 0x0000000705300000|  0%| F|  |TAMS 0x0000000705200000, 0x0000000705200000| Untracked 
|  47|0x0000000705300000, 0x0000000705300000, 0x0000000705400000|  0%| F|  |TAMS 0x0000000705300000, 0x0000000705300000| Untracked 
|  48|0x0000000705400000, 0x0000000705400000, 0x0000000705500000|  0%| F|  |TAMS 0x0000000705400000, 0x0000000705400000| Untracked 
|  49|0x0000000705500000, 0x0000000705500000, 0x0000000705600000|  0%| F|  |TAMS 0x0000000705500000, 0x0000000705500000| Untracked 
|  50|0x0000000705600000, 0x0000000705600000, 0x0000000705700000|  0%| F|  |TAMS 0x0000000705600000, 0x0000000705600000| Untracked 
|  51|0x0000000705700000, 0x0000000705700000, 0x0000000705800000|  0%| F|  |TAMS 0x0000000705700000, 0x0000000705700000| Untracked 
|  52|0x0000000705800000, 0x0000000705800000, 0x0000000705900000|  0%| F|  |TAMS 0x0000000705800000, 0x0000000705800000| Untracked 
|  53|0x0000000705900000, 0x0000000705900000, 0x0000000705a00000|  0%| F|  |TAMS 0x0000000705900000, 0x0000000705900000| Untracked 
|  54|0x0000000705a00000, 0x0000000705a00000, 0x0000000705b00000|  0%| F|  |TAMS 0x0000000705a00000, 0x0000000705a00000| Untracked 
|  55|0x0000000705b00000, 0x0000000705b00000, 0x0000000705c00000|  0%| F|  |TAMS 0x0000000705b00000, 0x0000000705b00000| Untracked 
|  56|0x0000000705c00000, 0x0000000705c00000, 0x0000000705d00000|  0%| F|  |TAMS 0x0000000705c00000, 0x0000000705c00000| Untracked 
|  57|0x0000000705d00000, 0x0000000705d00000, 0x0000000705e00000|  0%| F|  |TAMS 0x0000000705d00000, 0x0000000705d00000| Untracked 
|  58|0x0000000705e00000, 0x0000000705e00000, 0x0000000705f00000|  0%| F|  |TAMS 0x0000000705e00000, 0x0000000705e00000| Untracked 
|  59|0x0000000705f00000, 0x0000000705f00000, 0x0000000706000000|  0%| F|  |TAMS 0x0000000705f00000, 0x0000000705f00000| Untracked 
|  60|0x0000000706000000, 0x0000000706000000, 0x0000000706100000|  0%| F|  |TAMS 0x0000000706000000, 0x0000000706000000| Untracked 
|  61|0x0000000706100000, 0x0000000706100000, 0x0000000706200000|  0%| F|  |TAMS 0x0000000706100000, 0x0000000706100000| Untracked 
|  62|0x0000000706200000, 0x0000000706200000, 0x0000000706300000|  0%| F|  |TAMS 0x0000000706200000, 0x0000000706200000| Untracked 
|  63|0x0000000706300000, 0x0000000706300000, 0x0000000706400000|  0%| F|  |TAMS 0x0000000706300000, 0x0000000706300000| Untracked 
|  64|0x0000000706400000, 0x0000000706400000, 0x0000000706500000|  0%| F|  |TAMS 0x0000000706400000, 0x0000000706400000| Untracked 
|  65|0x0000000706500000, 0x0000000706500000, 0x0000000706600000|  0%| F|  |TAMS 0x0000000706500000, 0x0000000706500000| Untracked 
|  66|0x0000000706600000, 0x0000000706600000, 0x0000000706700000|  0%| F|  |TAMS 0x0000000706600000, 0x0000000706600000| Untracked 
|  67|0x0000000706700000, 0x0000000706700000, 0x0000000706800000|  0%| F|  |TAMS 0x0000000706700000, 0x0000000706700000| Untracked 
|  68|0x0000000706800000, 0x0000000706800000, 0x0000000706900000|  0%| F|  |TAMS 0x0000000706800000, 0x0000000706800000| Untracked 
|  69|0x0000000706900000, 0x0000000706900000, 0x0000000706a00000|  0%| F|  |TAMS 0x0000000706900000, 0x0000000706900000| Untracked 
|  70|0x0000000706a00000, 0x0000000706a00000, 0x0000000706b00000|  0%| F|  |TAMS 0x0000000706a00000, 0x0000000706a00000| Untracked 
|  71|0x0000000706b00000, 0x0000000706b00000, 0x0000000706c00000|  0%| F|  |TAMS 0x0000000706b00000, 0x0000000706b00000| Untracked 
|  72|0x0000000706c00000, 0x0000000706c00000, 0x0000000706d00000|  0%| F|  |TAMS 0x0000000706c00000, 0x0000000706c00000| Untracked 
|  73|0x0000000706d00000, 0x0000000706d00000, 0x0000000706e00000|  0%| F|  |TAMS 0x0000000706d00000, 0x0000000706d00000| Untracked 
|  74|0x0000000706e00000, 0x0000000706e00000, 0x0000000706f00000|  0%| F|  |TAMS 0x0000000706e00000, 0x0000000706e00000| Untracked 
|  75|0x0000000706f00000, 0x0000000706f00000, 0x0000000707000000|  0%| F|  |TAMS 0x0000000706f00000, 0x0000000706f00000| Untracked 
|  76|0x0000000707000000, 0x0000000707000000, 0x0000000707100000|  0%| F|  |TAMS 0x0000000707000000, 0x0000000707000000| Untracked 
|  77|0x0000000707100000, 0x0000000707100000, 0x0000000707200000|  0%| F|  |TAMS 0x0000000707100000, 0x0000000707100000| Untracked 
|  78|0x0000000707200000, 0x0000000707200000, 0x0000000707300000|  0%| F|  |TAMS 0x0000000707200000, 0x0000000707200000| Untracked 
|  79|0x0000000707300000, 0x0000000707300000, 0x0000000707400000|  0%| F|  |TAMS 0x0000000707300000, 0x0000000707300000| Untracked 
|  80|0x0000000707400000, 0x0000000707400000, 0x0000000707500000|  0%| F|  |TAMS 0x0000000707400000, 0x0000000707400000| Untracked 
|  81|0x0000000707500000, 0x0000000707500000, 0x0000000707600000|  0%| F|  |TAMS 0x0000000707500000, 0x0000000707500000| Untracked 
|  82|0x0000000707600000, 0x0000000707600000, 0x0000000707700000|  0%| F|  |TAMS 0x0000000707600000, 0x0000000707600000| Untracked 
|  83|0x0000000707700000, 0x0000000707700000, 0x0000000707800000|  0%| F|  |TAMS 0x0000000707700000, 0x0000000707700000| Untracked 
|  84|0x0000000707800000, 0x0000000707800000, 0x0000000707900000|  0%| F|  |TAMS 0x0000000707800000, 0x0000000707800000| Untracked 
|  85|0x0000000707900000, 0x0000000707900000, 0x0000000707a00000|  0%| F|  |TAMS 0x0000000707900000, 0x0000000707900000| Untracked 
|  86|0x0000000707a00000, 0x0000000707a00000, 0x0000000707b00000|  0%| F|  |TAMS 0x0000000707a00000, 0x0000000707a00000| Untracked 
|  87|0x0000000707b00000, 0x0000000707b00000, 0x0000000707c00000|  0%| F|  |TAMS 0x0000000707b00000, 0x0000000707b00000| Untracked 
|  88|0x0000000707c00000, 0x0000000707c00000, 0x0000000707d00000|  0%| F|  |TAMS 0x0000000707c00000, 0x0000000707c00000| Untracked 
|  89|0x0000000707d00000, 0x0000000707d00000, 0x0000000707e00000|  0%| F|  |TAMS 0x0000000707d00000, 0x0000000707d00000| Untracked 
|  90|0x0000000707e00000, 0x0000000707e00000, 0x0000000707f00000|  0%| F|  |TAMS 0x0000000707e00000, 0x0000000707e00000| Untracked 
|  91|0x0000000707f00000, 0x0000000707f00000, 0x0000000708000000|  0%| F|  |TAMS 0x0000000707f00000, 0x0000000707f00000| Untracked 
|  92|0x0000000708000000, 0x0000000708000000, 0x0000000708100000|  0%| F|  |TAMS 0x0000000708000000, 0x0000000708000000| Untracked 
|  93|0x0000000708100000, 0x0000000708100000, 0x0000000708200000|  0%| F|  |TAMS 0x0000000708100000, 0x0000000708100000| Untracked 
|  94|0x0000000708200000, 0x0000000708200000, 0x0000000708300000|  0%| F|  |TAMS 0x0000000708200000, 0x0000000708200000| Untracked 
|  95|0x0000000708300000, 0x0000000708300000, 0x0000000708400000|  0%| F|  |TAMS 0x0000000708300000, 0x0000000708300000| Untracked 
|  96|0x0000000708400000, 0x0000000708400000, 0x0000000708500000|  0%| F|  |TAMS 0x0000000708400000, 0x0000000708400000| Untracked 
|  97|0x0000000708500000, 0x0000000708500000, 0x0000000708600000|  0%| F|  |TAMS 0x0000000708500000, 0x0000000708500000| Untracked 
|  98|0x0000000708600000, 0x0000000708600000, 0x0000000708700000|  0%| F|  |TAMS 0x0000000708600000, 0x0000000708600000| Untracked 
|  99|0x0000000708700000, 0x0000000708700000, 0x0000000708800000|  0%| F|  |TAMS 0x0000000708700000, 0x0000000708700000| Untracked 
| 100|0x0000000708800000, 0x0000000708800000, 0x0000000708900000|  0%| F|  |TAMS 0x0000000708800000, 0x0000000708800000| Untracked 
| 101|0x0000000708900000, 0x0000000708900000, 0x0000000708a00000|  0%| F|  |TAMS 0x0000000708900000, 0x0000000708900000| Untracked 
| 102|0x0000000708a00000, 0x0000000708a00000, 0x0000000708b00000|  0%| F|  |TAMS 0x0000000708a00000, 0x0000000708a00000| Untracked 
| 103|0x0000000708b00000, 0x0000000708b00000, 0x0000000708c00000|  0%| F|  |TAMS 0x0000000708b00000, 0x0000000708b00000| Untracked 
| 104|0x0000000708c00000, 0x0000000708c00000, 0x0000000708d00000|  0%| F|  |TAMS 0x0000000708c00000, 0x0000000708c00000| Untracked 
| 105|0x0000000708d00000, 0x0000000708d00000, 0x0000000708e00000|  0%| F|  |TAMS 0x0000000708d00000, 0x0000000708d00000| Untracked 
| 106|0x0000000708e00000, 0x0000000708e00000, 0x0000000708f00000|  0%| F|  |TAMS 0x0000000708e00000, 0x0000000708e00000| Untracked 
| 107|0x0000000708f00000, 0x0000000708f00000, 0x0000000709000000|  0%| F|  |TAMS 0x0000000708f00000, 0x0000000708f00000| Untracked 
| 108|0x0000000709000000, 0x0000000709000000, 0x0000000709100000|  0%| F|  |TAMS 0x0000000709000000, 0x0000000709000000| Untracked 
| 109|0x0000000709100000, 0x0000000709100000, 0x0000000709200000|  0%| F|  |TAMS 0x0000000709100000, 0x0000000709100000| Untracked 
| 110|0x0000000709200000, 0x0000000709200000, 0x0000000709300000|  0%| F|  |TAMS 0x0000000709200000, 0x0000000709200000| Untracked 
| 111|0x0000000709300000, 0x0000000709300000, 0x0000000709400000|  0%| F|  |TAMS 0x0000000709300000, 0x0000000709300000| Untracked 
| 112|0x0000000709400000, 0x0000000709400000, 0x0000000709500000|  0%| F|  |TAMS 0x0000000709400000, 0x0000000709400000| Untracked 
| 113|0x0000000709500000, 0x0000000709500000, 0x0000000709600000|  0%| F|  |TAMS 0x0000000709500000, 0x0000000709500000| Untracked 
| 114|0x0000000709600000, 0x0000000709600000, 0x0000000709700000|  0%| F|  |TAMS 0x0000000709600000, 0x0000000709600000| Untracked 
| 115|0x0000000709700000, 0x0000000709700000, 0x0000000709800000|  0%| F|  |TAMS 0x0000000709700000, 0x0000000709700000| Untracked 
| 116|0x0000000709800000, 0x0000000709800000, 0x0000000709900000|  0%| F|  |TAMS 0x0000000709800000, 0x0000000709800000| Untracked 
| 117|0x0000000709900000, 0x0000000709900000, 0x0000000709a00000|  0%| F|  |TAMS 0x0000000709900000, 0x0000000709900000| Untracked 
| 118|0x0000000709a00000, 0x0000000709a00000, 0x0000000709b00000|  0%| F|  |TAMS 0x0000000709a00000, 0x0000000709a00000| Untracked 
| 119|0x0000000709b00000, 0x0000000709b00000, 0x0000000709c00000|  0%| F|  |TAMS 0x0000000709b00000, 0x0000000709b00000| Untracked 
| 120|0x0000000709c00000, 0x0000000709c00000, 0x0000000709d00000|  0%| F|  |TAMS 0x0000000709c00000, 0x0000000709c00000| Untracked 
| 121|0x0000000709d00000, 0x0000000709d00000, 0x0000000709e00000|  0%| F|  |TAMS 0x0000000709d00000, 0x0000000709d00000| Untracked 
| 122|0x0000000709e00000, 0x0000000709e00000, 0x0000000709f00000|  0%| F|  |TAMS 0x0000000709e00000, 0x0000000709e00000| Untracked 
| 123|0x0000000709f00000, 0x0000000709f00000, 0x000000070a000000|  0%| F|  |TAMS 0x0000000709f00000, 0x0000000709f00000| Untracked 
| 124|0x000000070a000000, 0x000000070a000000, 0x000000070a100000|  0%| F|  |TAMS 0x000000070a000000, 0x000000070a000000| Untracked 
| 125|0x000000070a100000, 0x000000070a100000, 0x000000070a200000|  0%| F|  |TAMS 0x000000070a100000, 0x000000070a100000| Untracked 
| 126|0x000000070a200000, 0x000000070a200000, 0x000000070a300000|  0%| F|  |TAMS 0x000000070a200000, 0x000000070a200000| Untracked 
| 127|0x000000070a300000, 0x000000070a300000, 0x000000070a400000|  0%| F|  |TAMS 0x000000070a300000, 0x000000070a300000| Untracked 
| 128|0x000000070a400000, 0x000000070a400000, 0x000000070a500000|  0%| F|  |TAMS 0x000000070a400000, 0x000000070a400000| Untracked 
| 129|0x000000070a500000, 0x000000070a500000, 0x000000070a600000|  0%| F|  |TAMS 0x000000070a500000, 0x000000070a500000| Untracked 
| 130|0x000000070a600000, 0x000000070a600000, 0x000000070a700000|  0%| F|  |TAMS 0x000000070a600000, 0x000000070a600000| Untracked 
| 131|0x000000070a700000, 0x000000070a700000, 0x000000070a800000|  0%| F|  |TAMS 0x000000070a700000, 0x000000070a700000| Untracked 
| 132|0x000000070a800000, 0x000000070a800000, 0x000000070a900000|  0%| F|  |TAMS 0x000000070a800000, 0x000000070a800000| Untracked 
| 133|0x000000070a900000, 0x000000070a900000, 0x000000070aa00000|  0%| F|  |TAMS 0x000000070a900000, 0x000000070a900000| Untracked 
| 134|0x000000070aa00000, 0x000000070aa00000, 0x000000070ab00000|  0%| F|  |TAMS 0x000000070aa00000, 0x000000070aa00000| Untracked 
| 135|0x000000070ab00000, 0x000000070ab00000, 0x000000070ac00000|  0%| F|  |TAMS 0x000000070ab00000, 0x000000070ab00000| Untracked 
| 136|0x000000070ac00000, 0x000000070ac00000, 0x000000070ad00000|  0%| F|  |TAMS 0x000000070ac00000, 0x000000070ac00000| Untracked 
| 137|0x000000070ad00000, 0x000000070ad00000, 0x000000070ae00000|  0%| F|  |TAMS 0x000000070ad00000, 0x000000070ad00000| Untracked 
| 138|0x000000070ae00000, 0x000000070ae00000, 0x000000070af00000|  0%| F|  |TAMS 0x000000070ae00000, 0x000000070ae00000| Untracked 
| 139|0x000000070af00000, 0x000000070af00000, 0x000000070b000000|  0%| F|  |TAMS 0x000000070af00000, 0x000000070af00000| Untracked 
| 140|0x000000070b000000, 0x000000070b000000, 0x000000070b100000|  0%| F|  |TAMS 0x000000070b000000, 0x000000070b000000| Untracked 
| 141|0x000000070b100000, 0x000000070b100000, 0x000000070b200000|  0%| F|  |TAMS 0x000000070b100000, 0x000000070b100000| Untracked 
| 142|0x000000070b200000, 0x000000070b200000, 0x000000070b300000|  0%| F|  |TAMS 0x000000070b200000, 0x000000070b200000| Untracked 
| 143|0x000000070b300000, 0x000000070b300000, 0x000000070b400000|  0%| F|  |TAMS 0x000000070b300000, 0x000000070b300000| Untracked 
| 144|0x000000070b400000, 0x000000070b400000, 0x000000070b500000|  0%| F|  |TAMS 0x000000070b400000, 0x000000070b400000| Untracked 
| 145|0x000000070b500000, 0x000000070b500000, 0x000000070b600000|  0%| F|  |TAMS 0x000000070b500000, 0x000000070b500000| Untracked 
| 146|0x000000070b600000, 0x000000070b600000, 0x000000070b700000|  0%| F|  |TAMS 0x000000070b600000, 0x000000070b600000| Untracked 
| 147|0x000000070b700000, 0x000000070b700000, 0x000000070b800000|  0%| F|  |TAMS 0x000000070b700000, 0x000000070b700000| Untracked 
| 148|0x000000070b800000, 0x000000070b800000, 0x000000070b900000|  0%| F|  |TAMS 0x000000070b800000, 0x000000070b800000| Untracked 
| 149|0x000000070b900000, 0x000000070b900000, 0x000000070ba00000|  0%| F|  |TAMS 0x000000070b900000, 0x000000070b900000| Untracked 
| 150|0x000000070ba00000, 0x000000070ba00000, 0x000000070bb00000|  0%| F|  |TAMS 0x000000070ba00000, 0x000000070ba00000| Untracked 
| 151|0x000000070bb00000, 0x000000070bb00000, 0x000000070bc00000|  0%| F|  |TAMS 0x000000070bb00000, 0x000000070bb00000| Untracked 
| 152|0x000000070bc00000, 0x000000070bc00000, 0x000000070bd00000|  0%| F|  |TAMS 0x000000070bc00000, 0x000000070bc00000| Untracked 
| 153|0x000000070bd00000, 0x000000070bd00000, 0x000000070be00000|  0%| F|  |TAMS 0x000000070bd00000, 0x000000070bd00000| Untracked 
| 154|0x000000070be00000, 0x000000070be00000, 0x000000070bf00000|  0%| F|  |TAMS 0x000000070be00000, 0x000000070be00000| Untracked 
| 155|0x000000070bf00000, 0x000000070bf00000, 0x000000070c000000|  0%| F|  |TAMS 0x000000070bf00000, 0x000000070bf00000| Untracked 
| 156|0x000000070c000000, 0x000000070c000000, 0x000000070c100000|  0%| F|  |TAMS 0x000000070c000000, 0x000000070c000000| Untracked 
| 157|0x000000070c100000, 0x000000070c100000, 0x000000070c200000|  0%| F|  |TAMS 0x000000070c100000, 0x000000070c100000| Untracked 
| 158|0x000000070c200000, 0x000000070c200000, 0x000000070c300000|  0%| F|  |TAMS 0x000000070c200000, 0x000000070c200000| Untracked 
| 159|0x000000070c300000, 0x000000070c300000, 0x000000070c400000|  0%| F|  |TAMS 0x000000070c300000, 0x000000070c300000| Untracked 
| 160|0x000000070c400000, 0x000000070c400000, 0x000000070c500000|  0%| F|  |TAMS 0x000000070c400000, 0x000000070c400000| Untracked 
| 161|0x000000070c500000, 0x000000070c500000, 0x000000070c600000|  0%| F|  |TAMS 0x000000070c500000, 0x000000070c500000| Untracked 
| 162|0x000000070c600000, 0x000000070c600000, 0x000000070c700000|  0%| F|  |TAMS 0x000000070c600000, 0x000000070c600000| Untracked 
| 163|0x000000070c700000, 0x000000070c700000, 0x000000070c800000|  0%| F|  |TAMS 0x000000070c700000, 0x000000070c700000| Untracked 
| 164|0x000000070c800000, 0x000000070c800000, 0x000000070c900000|  0%| F|  |TAMS 0x000000070c800000, 0x000000070c800000| Untracked 
| 165|0x000000070c900000, 0x000000070c900000, 0x000000070ca00000|  0%| F|  |TAMS 0x000000070c900000, 0x000000070c900000| Untracked 
| 166|0x000000070ca00000, 0x000000070ca00000, 0x000000070cb00000|  0%| F|  |TAMS 0x000000070ca00000, 0x000000070ca00000| Untracked 
| 167|0x000000070cb00000, 0x000000070cb00000, 0x000000070cc00000|  0%| F|  |TAMS 0x000000070cb00000, 0x000000070cb00000| Untracked 
| 168|0x000000070cc00000, 0x000000070cc00000, 0x000000070cd00000|  0%| F|  |TAMS 0x000000070cc00000, 0x000000070cc00000| Untracked 
| 169|0x000000070cd00000, 0x000000070cd00000, 0x000000070ce00000|  0%| F|  |TAMS 0x000000070cd00000, 0x000000070cd00000| Untracked 
| 170|0x000000070ce00000, 0x000000070ce00000, 0x000000070cf00000|  0%| F|  |TAMS 0x000000070ce00000, 0x000000070ce00000| Untracked 
| 171|0x000000070cf00000, 0x000000070cf00000, 0x000000070d000000|  0%| F|  |TAMS 0x000000070cf00000, 0x000000070cf00000| Untracked 
| 172|0x000000070d000000, 0x000000070d000000, 0x000000070d100000|  0%| F|  |TAMS 0x000000070d000000, 0x000000070d000000| Untracked 
| 173|0x000000070d100000, 0x000000070d100000, 0x000000070d200000|  0%| F|  |TAMS 0x000000070d100000, 0x000000070d100000| Untracked 
| 174|0x000000070d200000, 0x000000070d200000, 0x000000070d300000|  0%| F|  |TAMS 0x000000070d200000, 0x000000070d200000| Untracked 
| 175|0x000000070d300000, 0x000000070d300000, 0x000000070d400000|  0%| F|  |TAMS 0x000000070d300000, 0x000000070d300000| Untracked 
| 176|0x000000070d400000, 0x000000070d400000, 0x000000070d500000|  0%| F|  |TAMS 0x000000070d400000, 0x000000070d400000| Untracked 
| 177|0x000000070d500000, 0x000000070d500000, 0x000000070d600000|  0%| F|  |TAMS 0x000000070d500000, 0x000000070d500000| Untracked 
| 178|0x000000070d600000, 0x000000070d600000, 0x000000070d700000|  0%| F|  |TAMS 0x000000070d600000, 0x000000070d600000| Untracked 
| 179|0x000000070d700000, 0x000000070d700000, 0x000000070d800000|  0%| F|  |TAMS 0x000000070d700000, 0x000000070d700000| Untracked 
| 180|0x000000070d800000, 0x000000070d800000, 0x000000070d900000|  0%| F|  |TAMS 0x000000070d800000, 0x000000070d800000| Untracked 
| 181|0x000000070d900000, 0x000000070d900000, 0x000000070da00000|  0%| F|  |TAMS 0x000000070d900000, 0x000000070d900000| Untracked 
| 182|0x000000070da00000, 0x000000070da00000, 0x000000070db00000|  0%| F|  |TAMS 0x000000070da00000, 0x000000070da00000| Untracked 
| 183|0x000000070db00000, 0x000000070db00000, 0x000000070dc00000|  0%| F|  |TAMS 0x000000070db00000, 0x000000070db00000| Untracked 
| 184|0x000000070dc00000, 0x000000070dc00000, 0x000000070dd00000|  0%| F|  |TAMS 0x000000070dc00000, 0x000000070dc00000| Untracked 
| 185|0x000000070dd00000, 0x000000070dd00000, 0x000000070de00000|  0%| F|  |TAMS 0x000000070dd00000, 0x000000070dd00000| Untracked 
| 186|0x000000070de00000, 0x000000070de00000, 0x000000070df00000|  0%| F|  |TAMS 0x000000070de00000, 0x000000070de00000| Untracked 
| 187|0x000000070df00000, 0x000000070df00000, 0x000000070e000000|  0%| F|  |TAMS 0x000000070df00000, 0x000000070df00000| Untracked 
| 188|0x000000070e000000, 0x000000070e000000, 0x000000070e100000|  0%| F|  |TAMS 0x000000070e000000, 0x000000070e000000| Untracked 
| 189|0x000000070e100000, 0x000000070e100000, 0x000000070e200000|  0%| F|  |TAMS 0x000000070e100000, 0x000000070e100000| Untracked 
| 190|0x000000070e200000, 0x000000070e200000, 0x000000070e300000|  0%| F|  |TAMS 0x000000070e200000, 0x000000070e200000| Untracked 
| 191|0x000000070e300000, 0x000000070e300000, 0x000000070e400000|  0%| F|  |TAMS 0x000000070e300000, 0x000000070e300000| Untracked 
| 192|0x000000070e400000, 0x000000070e400000, 0x000000070e500000|  0%| F|  |TAMS 0x000000070e400000, 0x000000070e400000| Untracked 
| 193|0x000000070e500000, 0x000000070e500000, 0x000000070e600000|  0%| F|  |TAMS 0x000000070e500000, 0x000000070e500000| Untracked 
| 194|0x000000070e600000, 0x000000070e600000, 0x000000070e700000|  0%| F|  |TAMS 0x000000070e600000, 0x000000070e600000| Untracked 
| 195|0x000000070e700000, 0x000000070e700000, 0x000000070e800000|  0%| F|  |TAMS 0x000000070e700000, 0x000000070e700000| Untracked 
| 196|0x000000070e800000, 0x000000070e800000, 0x000000070e900000|  0%| F|  |TAMS 0x000000070e800000, 0x000000070e800000| Untracked 
| 197|0x000000070e900000, 0x000000070e900000, 0x000000070ea00000|  0%| F|  |TAMS 0x000000070e900000, 0x000000070e900000| Untracked 
| 198|0x000000070ea00000, 0x000000070ea00000, 0x000000070eb00000|  0%| F|  |TAMS 0x000000070ea00000, 0x000000070ea00000| Untracked 
| 199|0x000000070eb00000, 0x000000070eb00000, 0x000000070ec00000|  0%| F|  |TAMS 0x000000070eb00000, 0x000000070eb00000| Untracked 
| 200|0x000000070ec00000, 0x000000070ec00000, 0x000000070ed00000|  0%| F|  |TAMS 0x000000070ec00000, 0x000000070ec00000| Untracked 
| 201|0x000000070ed00000, 0x000000070ed00000, 0x000000070ee00000|  0%| F|  |TAMS 0x000000070ed00000, 0x000000070ed00000| Untracked 
| 202|0x000000070ee00000, 0x000000070ee00000, 0x000000070ef00000|  0%| F|  |TAMS 0x000000070ee00000, 0x000000070ee00000| Untracked 
| 203|0x000000070ef00000, 0x000000070ef00000, 0x000000070f000000|  0%| F|  |TAMS 0x000000070ef00000, 0x000000070ef00000| Untracked 
| 204|0x000000070f000000, 0x000000070f000000, 0x000000070f100000|  0%| F|  |TAMS 0x000000070f000000, 0x000000070f000000| Untracked 
| 205|0x000000070f100000, 0x000000070f100000, 0x000000070f200000|  0%| F|  |TAMS 0x000000070f100000, 0x000000070f100000| Untracked 
| 206|0x000000070f200000, 0x000000070f200000, 0x000000070f300000|  0%| F|  |TAMS 0x000000070f200000, 0x000000070f200000| Untracked 
| 207|0x000000070f300000, 0x000000070f300000, 0x000000070f400000|  0%| F|  |TAMS 0x000000070f300000, 0x000000070f300000| Untracked 
| 208|0x000000070f400000, 0x000000070f400000, 0x000000070f500000|  0%| F|  |TAMS 0x000000070f400000, 0x000000070f400000| Untracked 
| 209|0x000000070f500000, 0x000000070f500000, 0x000000070f600000|  0%| F|  |TAMS 0x000000070f500000, 0x000000070f500000| Untracked 
| 210|0x000000070f600000, 0x000000070f600000, 0x000000070f700000|  0%| F|  |TAMS 0x000000070f600000, 0x000000070f600000| Untracked 
| 211|0x000000070f700000, 0x000000070f700000, 0x000000070f800000|  0%| F|  |TAMS 0x000000070f700000, 0x000000070f700000| Untracked 
| 212|0x000000070f800000, 0x000000070f800000, 0x000000070f900000|  0%| F|  |TAMS 0x000000070f800000, 0x000000070f800000| Untracked 
| 213|0x000000070f900000, 0x000000070f900000, 0x000000070fa00000|  0%| F|  |TAMS 0x000000070f900000, 0x000000070f900000| Untracked 
| 214|0x000000070fa00000, 0x000000070fa00000, 0x000000070fb00000|  0%| F|  |TAMS 0x000000070fa00000, 0x000000070fa00000| Untracked 
| 215|0x000000070fb00000, 0x000000070fb00000, 0x000000070fc00000|  0%| F|  |TAMS 0x000000070fb00000, 0x000000070fb00000| Untracked 
| 216|0x000000070fc00000, 0x000000070fc00000, 0x000000070fd00000|  0%| F|  |TAMS 0x000000070fc00000, 0x000000070fc00000| Untracked 
| 217|0x000000070fd00000, 0x000000070fd00000, 0x000000070fe00000|  0%| F|  |TAMS 0x000000070fd00000, 0x000000070fd00000| Untracked 
| 218|0x000000070fe00000, 0x000000070fe00000, 0x000000070ff00000|  0%| F|  |TAMS 0x000000070fe00000, 0x000000070fe00000| Untracked 
| 219|0x000000070ff00000, 0x000000070ff00000, 0x0000000710000000|  0%| F|  |TAMS 0x000000070ff00000, 0x000000070ff00000| Untracked 
| 220|0x0000000710000000, 0x0000000710000000, 0x0000000710100000|  0%| F|  |TAMS 0x0000000710000000, 0x0000000710000000| Untracked 
| 221|0x0000000710100000, 0x0000000710100000, 0x0000000710200000|  0%| F|  |TAMS 0x0000000710100000, 0x0000000710100000| Untracked 
| 222|0x0000000710200000, 0x0000000710200000, 0x0000000710300000|  0%| F|  |TAMS 0x0000000710200000, 0x0000000710200000| Untracked 
| 223|0x0000000710300000, 0x0000000710300000, 0x0000000710400000|  0%| F|  |TAMS 0x0000000710300000, 0x0000000710300000| Untracked 
| 224|0x0000000710400000, 0x0000000710400000, 0x0000000710500000|  0%| F|  |TAMS 0x0000000710400000, 0x0000000710400000| Untracked 
| 225|0x0000000710500000, 0x0000000710500000, 0x0000000710600000|  0%| F|  |TAMS 0x0000000710500000, 0x0000000710500000| Untracked 
| 226|0x0000000710600000, 0x0000000710600000, 0x0000000710700000|  0%| F|  |TAMS 0x0000000710600000, 0x0000000710600000| Untracked 
| 227|0x0000000710700000, 0x0000000710700000, 0x0000000710800000|  0%| F|  |TAMS 0x0000000710700000, 0x0000000710700000| Untracked 
| 228|0x0000000710800000, 0x0000000710800000, 0x0000000710900000|  0%| F|  |TAMS 0x0000000710800000, 0x0000000710800000| Untracked 
| 229|0x0000000710900000, 0x0000000710900000, 0x0000000710a00000|  0%| F|  |TAMS 0x0000000710900000, 0x0000000710900000| Untracked 
| 230|0x0000000710a00000, 0x0000000710a00000, 0x0000000710b00000|  0%| F|  |TAMS 0x0000000710a00000, 0x0000000710a00000| Untracked 
| 231|0x0000000710b00000, 0x0000000710b00000, 0x0000000710c00000|  0%| F|  |TAMS 0x0000000710b00000, 0x0000000710b00000| Untracked 
| 232|0x0000000710c00000, 0x0000000710c00000, 0x0000000710d00000|  0%| F|  |TAMS 0x0000000710c00000, 0x0000000710c00000| Untracked 
| 233|0x0000000710d00000, 0x0000000710d00000, 0x0000000710e00000|  0%| F|  |TAMS 0x0000000710d00000, 0x0000000710d00000| Untracked 
| 234|0x0000000710e00000, 0x0000000710e00000, 0x0000000710f00000|  0%| F|  |TAMS 0x0000000710e00000, 0x0000000710e00000| Untracked 
| 235|0x0000000710f00000, 0x0000000710f00000, 0x0000000711000000|  0%| F|  |TAMS 0x0000000710f00000, 0x0000000710f00000| Untracked 
| 236|0x0000000711000000, 0x0000000711000000, 0x0000000711100000|  0%| F|  |TAMS 0x0000000711000000, 0x0000000711000000| Untracked 
| 237|0x0000000711100000, 0x00000007111f6500, 0x0000000711200000| 96%| E|  |TAMS 0x0000000711100000, 0x0000000711100000| Complete 
| 238|0x0000000711200000, 0x0000000711300000, 0x0000000711300000|100%| E|CS|TAMS 0x0000000711200000, 0x0000000711200000| Complete 
| 239|0x0000000711300000, 0x0000000711400000, 0x0000000711400000|100%| E|CS|TAMS 0x0000000711300000, 0x0000000711300000| Complete 
| 240|0x0000000711400000, 0x0000000711500000, 0x0000000711500000|100%| E|CS|TAMS 0x0000000711400000, 0x0000000711400000| Complete 
| 241|0x0000000711500000, 0x0000000711600000, 0x0000000711600000|100%| E|CS|TAMS 0x0000000711500000, 0x0000000711500000| Complete 
| 242|0x0000000711600000, 0x0000000711700000, 0x0000000711700000|100%| E|CS|TAMS 0x0000000711600000, 0x0000000711600000| Complete 
| 243|0x0000000711700000, 0x0000000711800000, 0x0000000711800000|100%| E|CS|TAMS 0x0000000711700000, 0x0000000711700000| Complete 
| 244|0x0000000711800000, 0x0000000711900000, 0x0000000711900000|100%| E|CS|TAMS 0x0000000711800000, 0x0000000711800000| Complete 
| 245|0x0000000711900000, 0x0000000711a00000, 0x0000000711a00000|100%| E|CS|TAMS 0x0000000711900000, 0x0000000711900000| Complete 
| 246|0x0000000711a00000, 0x0000000711b00000, 0x0000000711b00000|100%| E|  |TAMS 0x0000000711a00000, 0x0000000711a00000| Complete 
| 247|0x0000000711b00000, 0x0000000711c00000, 0x0000000711c00000|100%| E|CS|TAMS 0x0000000711b00000, 0x0000000711b00000| Complete 
| 248|0x0000000711c00000, 0x0000000711d00000, 0x0000000711d00000|100%| E|CS|TAMS 0x0000000711c00000, 0x0000000711c00000| Complete 
| 249|0x0000000711d00000, 0x0000000711e00000, 0x0000000711e00000|100%| E|CS|TAMS 0x0000000711d00000, 0x0000000711d00000| Complete 
| 250|0x0000000711e00000, 0x0000000711f00000, 0x0000000711f00000|100%| E|CS|TAMS 0x0000000711e00000, 0x0000000711e00000| Complete 
| 251|0x0000000711f00000, 0x0000000712000000, 0x0000000712000000|100%| E|CS|TAMS 0x0000000711f00000, 0x0000000711f00000| Complete 
| 252|0x0000000712000000, 0x0000000712100000, 0x0000000712100000|100%| E|CS|TAMS 0x0000000712000000, 0x0000000712000000| Complete 
| 253|0x0000000712100000, 0x0000000712200000, 0x0000000712200000|100%| E|CS|TAMS 0x0000000712100000, 0x0000000712100000| Complete 

Card table byte_map: [0x0000022adac00000,0x0000022adb3f0000] _byte_map_base: 0x0000022ad73ee000

Marking Bits (Prev, Next): (CMBitMap*) 0x0000022ac27fc7f8, (CMBitMap*) 0x0000022ac27fc830
 Prev Bits: [0x0000022adbbe0000, 0x0000022adfb50000)
 Next Bits: [0x0000022adfb50000, 0x0000022ae3ac0000)

Polling page: 0x0000022ac0710000

Metaspace:

Usage:
  Non-class:     10.37 MB capacity,    10.26 MB ( 99%) used,   103.40 KB ( <1%) free+waste,    12.19 KB ( <1%) overhead. 
      Class:      1.10 MB capacity,     1.05 MB ( 96%) used,    37.87 KB (  3%) free+waste,     5.00 KB ( <1%) overhead. 
       Both:     11.46 MB capacity,    11.31 MB ( 99%) used,   141.27 KB (  1%) free+waste,    17.19 KB ( <1%) overhead. 

Virtual space:
  Non-class space:       18.00 MB reserved,      10.50 MB ( 58%) committed 
      Class space:        1.00 GB reserved,       1.13 MB ( <1%) committed 
             Both:        1.02 GB reserved,      11.63 MB (  1%) committed 

Chunk freelists:
   Non-Class:  7.00 KB
       Class:  30.00 KB
        Both:  37.00 KB

MaxMetaspaceSize: 17179869184.00 GB
CompressedClassSpaceSize: 1.00 GB
Initial GC threshold: 20.80 MB
Current GC threshold: 20.80 MB
CDS: off

CodeHeap 'non-profiled nmethods': size=120000Kb used=204Kb max_used=204Kb free=119795Kb
 bounds [0x0000022ad2990000, 0x0000022ad2c00000, 0x0000022ad9ec0000]
CodeHeap 'profiled nmethods': size=120000Kb used=1274Kb max_used=1274Kb free=118725Kb
 bounds [0x0000022acb460000, 0x0000022acb6d0000, 0x0000022ad2990000]
CodeHeap 'non-nmethods': size=5760Kb used=1140Kb max_used=1152Kb free=4619Kb
 bounds [0x0000022acaec0000, 0x0000022acb130000, 0x0000022acb460000]
 total_blobs=1126 nmethods=732 adapters=307
 compilation: enabled
              stopped_count=0, restarted_count=0
 full_count=0

Compilation events (20 events):
Event: 1.589 Thread 0x0000022ae718c000  711       2       jdk.internal.util.Preconditions::checkIndex (18 bytes)
Event: 1.590 Thread 0x0000022ae718c000 nmethod 711 0x0000022acb587b90 code [0x0000022acb587d80, 0x0000022acb588168]
Event: 1.590 Thread 0x0000022ae718c000  713       2       java.util.ArrayList::elementData (7 bytes)
Event: 1.590 Thread 0x0000022ae718c000 nmethod 713 0x0000022acb588310 code [0x0000022acb5884c0, 0x0000022acb5885f8]
Event: 1.590 Thread 0x0000022ae718c000  708       3       jdk.internal.jimage.ImageLocation::verify (50 bytes)
Event: 1.590 Thread 0x0000022ae718c000 nmethod 708 0x0000022acb588710 code [0x0000022acb588960, 0x0000022acb5890c8]
Event: 1.590 Thread 0x0000022ae718c000  714       3       java.lang.String::indexOf (18 bytes)
Event: 1.590 Thread 0x0000022ae718c000 nmethod 714 0x0000022acb589490 code [0x0000022acb589660, 0x0000022acb589928]
Event: 1.590 Thread 0x0000022ae718c000  715       3       java.lang.String::indexOf (113 bytes)
Event: 1.590 Thread 0x0000022ae718c000 nmethod 715 0x0000022acb589a90 code [0x0000022acb589d20, 0x0000022acb58a748]
Event: 1.590 Thread 0x0000022ae718c000  720       3       java.util.jar.JarFile::getVersionedEntry (85 bytes)
Event: 1.591 Thread 0x0000022ae718c000 nmethod 720 0x0000022acb58ab90 code [0x0000022acb58ae80, 0x0000022acb58bf08]
Event: 1.591 Thread 0x0000022ae718c000  717       3       jdk.internal.misc.VM::isModuleSystemInited (13 bytes)
Event: 1.591 Thread 0x0000022ae718c000 nmethod 717 0x0000022acb58c510 code [0x0000022acb58c6c0, 0x0000022acb58c858]
Event: 1.591 Thread 0x0000022ae718c000  721       3       java.lang.String::toString (2 bytes)
Event: 1.591 Thread 0x0000022ae718c000 nmethod 721 0x0000022acb58c910 code [0x0000022acb58cac0, 0x0000022acb58cbb8]
Event: 1.591 Thread 0x0000022ae718c000  718       1       java.util.Collections$EmptyList::isEmpty (2 bytes)
Event: 1.591 Thread 0x0000022ae718c000 nmethod 718 0x0000022ad29c2790 code [0x0000022ad29c2940, 0x0000022ad29c29f8]
Event: 1.592 Thread 0x0000022ae718c000  722       3       java.util.Collections$UnmodifiableCollection$1::hasNext (10 bytes)
Event: 1.592 Thread 0x0000022ae718c000 nmethod 722 0x0000022acb58cc90 code [0x0000022acb58ce40, 0x0000022acb58d008]

GC Heap History (0 events):
No events

Deoptimization events (20 events):
Event: 0.231 Thread 0x0000022ac2793000 DEOPT PACKING pc=0x0000022acb483bcb sp=0x00000045d55f8810
Event: 0.231 Thread 0x0000022ac2793000 DEOPT UNPACKING pc=0x0000022acaf0a95e sp=0x00000045d55f7ce0 mode 0
Event: 0.231 Thread 0x0000022ac2793000 DEOPT PACKING pc=0x0000022acb48350e sp=0x00000045d55f8840
Event: 0.231 Thread 0x0000022ac2793000 DEOPT UNPACKING pc=0x0000022acaf0a95e sp=0x00000045d55f7ce0 mode 0
Event: 0.231 Thread 0x0000022ac2793000 DEOPT PACKING pc=0x0000022acb483bcb sp=0x00000045d55f8810
Event: 0.231 Thread 0x0000022ac2793000 DEOPT UNPACKING pc=0x0000022acaf0a95e sp=0x00000045d55f7ce0 mode 0
Event: 0.231 Thread 0x0000022ac2793000 DEOPT PACKING pc=0x0000022acb48350e sp=0x00000045d55f8840
Event: 0.231 Thread 0x0000022ac2793000 DEOPT UNPACKING pc=0x0000022acaf0a95e sp=0x00000045d55f7ce0 mode 0
Event: 0.231 Thread 0x0000022ac2793000 DEOPT PACKING pc=0x0000022acb483bcb sp=0x00000045d55f8810
Event: 0.231 Thread 0x0000022ac2793000 DEOPT UNPACKING pc=0x0000022acaf0a95e sp=0x00000045d55f7ce0 mode 0
Event: 0.232 Thread 0x0000022ac2793000 DEOPT PACKING pc=0x0000022acb48350e sp=0x00000045d55f8840
Event: 0.232 Thread 0x0000022ac2793000 DEOPT UNPACKING pc=0x0000022acaf0a95e sp=0x00000045d55f7ce0 mode 0
Event: 1.404 Thread 0x0000022ac2793000 DEOPT PACKING pc=0x0000022acb4aae42 sp=0x00000045d55fa090
Event: 1.404 Thread 0x0000022ac2793000 DEOPT UNPACKING pc=0x0000022acaf0a95e sp=0x00000045d55f94f8 mode 0
Event: 1.409 Thread 0x0000022ac2793000 DEOPT PACKING pc=0x0000022acb48a5d0 sp=0x00000045d55fc370
Event: 1.409 Thread 0x0000022ac2793000 DEOPT UNPACKING pc=0x0000022acaf0a95e sp=0x00000045d55fb7f8 mode 0
Event: 1.582 Thread 0x0000022ac2793000 Uncommon trap: trap_request=0xffffff4d fr.pc=0x0000022ad299f380 relative=0x0000000000000060
Event: 1.582 Thread 0x0000022ac2793000 Uncommon trap: reason=unstable_if action=reinterpret pc=0x0000022ad299f380 method=java.io.WinNTFileSystem.isSlash(C)Z @ 9 c2
Event: 1.582 Thread 0x0000022ac2793000 DEOPT PACKING pc=0x0000022ad299f380 sp=0x00000045d55fdee0
Event: 1.582 Thread 0x0000022ac2793000 DEOPT UNPACKING pc=0x0000022acaf0a1af sp=0x00000045d55fde68 mode 2

Classes redefined (0 events):
No events

Internal exceptions (20 events):
Event: 1.554 Thread 0x0000022ac2793000 Exception <a 'sun/nio/fs/WindowsException'{0x00000007115e13c8}> (0x00000007115e13c8) thrown at [./src/hotspot/share/prims/jni.cpp, line 616]
Event: 1.554 Thread 0x0000022ac2793000 Exception <a 'sun/nio/fs/WindowsException'{0x00000007115e1e30}> (0x00000007115e1e30) thrown at [./src/hotspot/share/prims/jni.cpp, line 616]
Event: 1.554 Thread 0x0000022ac2793000 Exception <a 'sun/nio/fs/WindowsException'{0x00000007115e21f0}> (0x00000007115e21f0) thrown at [./src/hotspot/share/prims/jni.cpp, line 616]
Event: 1.556 Thread 0x0000022ac2793000 Exception <a 'java/lang/NoSuchMethodError'{0x00000007115efcd8}: 'java.lang.Object java.lang.invoke.DirectMethodHandle$Holder.invokeStatic(java.lang.Object, java.lang.Object, java.lang.Object, int)'> (0x00000007115efcd8) thrown at [./src/hotspot/share/interpreter/linkResolver.cpp, line 773]
Event: 1.557 Thread 0x0000022ac2793000 Exception <a 'java/lang/NoSuchMethodError'{0x00000007115f3950}: 'java.lang.Object java.lang.invoke.DirectMethodHandle$Holder.invokeSpecial(java.lang.Object, java.lang.Object, java.lang.Object, java.lang.Object, int)'> (0x00000007115f3950) thrown at [./src/hotspot/share/interpreter/linkResolver.cpp, line 773]
Event: 1.557 Thread 0x0000022ac2793000 Exception <a 'java/lang/NoSuchMethodError'{0x00000007115f6de8}: 'java.lang.Object java.lang.invoke.Invokers$Holder.linkToTargetMethod(java.lang.Object, java.lang.Object, int, java.lang.Object)'> (0x00000007115f6de8) thrown at [./src/hotspot/share/interpreter/linkResolver.cpp, line 773]
Event: 1.558 Thread 0x0000022ac2793000 Exception <a 'sun/nio/fs/WindowsException'{0x00000007115fa9a0}> (0x00000007115fa9a0) thrown at [./src/hotspot/share/prims/jni.cpp, line 616]
Event: 1.558 Thread 0x0000022ac2793000 Exception <a 'sun/nio/fs/WindowsException'{0x00000007115fad88}> (0x00000007115fad88) thrown at [./src/hotspot/share/prims/jni.cpp, line 616]
Event: 1.558 Thread 0x0000022ac2793000 Exception <a 'sun/nio/fs/WindowsException'{0x00000007115fbd30}> (0x00000007115fbd30) thrown at [./src/hotspot/share/prims/jni.cpp, line 616]
Event: 1.558 Thread 0x0000022ac2793000 Exception <a 'sun/nio/fs/WindowsException'{0x00000007115fc140}> (0x00000007115fc140) thrown at [./src/hotspot/share/prims/jni.cpp, line 616]
Event: 1.560 Thread 0x0000022ac2793000 Exception <a 'sun/nio/fs/WindowsException'{0x00000007115ffc30}> (0x00000007115ffc30) thrown at [./src/hotspot/share/prims/jni.cpp, line 616]
Event: 1.560 Thread 0x0000022ac2793000 Exception <a 'sun/nio/fs/WindowsException'{0x00000007114002c0}> (0x00000007114002c0) thrown at [./src/hotspot/share/prims/jni.cpp, line 616]
Event: 1.560 Thread 0x0000022ac2793000 Exception <a 'sun/nio/fs/WindowsException'{0x00000007114015c0}> (0x00000007114015c0) thrown at [./src/hotspot/share/prims/jni.cpp, line 616]
Event: 1.560 Thread 0x0000022ac2793000 Exception <a 'sun/nio/fs/WindowsException'{0x00000007114019d8}> (0x00000007114019d8) thrown at [./src/hotspot/share/prims/jni.cpp, line 616]
Event: 1.561 Thread 0x0000022ac2793000 Exception <a 'sun/nio/fs/WindowsException'{0x0000000711403730}> (0x0000000711403730) thrown at [./src/hotspot/share/prims/jni.cpp, line 616]
Event: 1.561 Thread 0x0000022ac2793000 Exception <a 'sun/nio/fs/WindowsException'{0x0000000711403b40}> (0x0000000711403b40) thrown at [./src/hotspot/share/prims/jni.cpp, line 616]
Event: 1.561 Thread 0x0000022ac2793000 Exception <a 'sun/nio/fs/WindowsException'{0x0000000711406318}> (0x0000000711406318) thrown at [./src/hotspot/share/prims/jni.cpp, line 616]
Event: 1.561 Thread 0x0000022ac2793000 Exception <a 'sun/nio/fs/WindowsException'{0x00000007114066f8}> (0x00000007114066f8) thrown at [./src/hotspot/share/prims/jni.cpp, line 616]
Event: 1.561 Thread 0x0000022ac2793000 Exception <a 'sun/nio/fs/WindowsException'{0x0000000711407690}> (0x0000000711407690) thrown at [./src/hotspot/share/prims/jni.cpp, line 616]
Event: 1.561 Thread 0x0000022ac2793000 Exception <a 'sun/nio/fs/WindowsException'{0x0000000711407a90}> (0x0000000711407a90) thrown at [./src/hotspot/share/prims/jni.cpp, line 616]

Events (20 events):
Event: 1.585 loading class com/sun/xml/bind/v2/runtime/JAXBContextImpl
Event: 1.585 loading class com/sun/xml/bind/v2/runtime/JAXBContextImpl done
Event: 1.587 loading class com/sun/xml/bind/v2/model/annotation/RuntimeAnnotationReader
Event: 1.587 loading class com/sun/xml/bind/v2/model/annotation/RuntimeAnnotationReader done
Event: 1.587 loading class com/sun/xml/bind/v2/model/annotation/AnnotationReader
Event: 1.587 loading class com/sun/xml/bind/v2/model/annotation/AnnotationReader done
Event: 1.587 loading class com/sun/istack/FinalArrayList
Event: 1.587 loading class com/sun/istack/FinalArrayList done
Event: 1.588 Executing VM operation: Deoptimize
Event: 1.588 Executing VM operation: Deoptimize done
Event: 1.591 loading class com/sun/xml/bind/Util
Event: 1.591 loading class com/sun/xml/bind/Util done
Event: 1.592 loading class java/lang/StackTraceElement$HashedModules
Event: 1.592 loading class java/lang/StackTraceElement$HashedModules done
Event: 1.592 loading class com/sun/xml/bind/v2/util/TypeCast
Event: 1.592 loading class com/sun/xml/bind/v2/util/TypeCast done
Event: 1.592 loading class com/sun/xml/bind/v2/runtime/JAXBContextImpl$JAXBContextBuilder
Event: 1.592 loading class com/sun/xml/bind/v2/runtime/JAXBContextImpl$JAXBContextBuilder done
Event: 1.593 loading class com/sun/xml/bind/v2/model/annotation/RuntimeInlineAnnotationReader
Event: 1.593 loading class com/sun/xml/bind/v2/model/annotation/RuntimeInlineAnnotationReader done


Dynamic libraries:
0x00007ff624460000 - 0x00007ff62446d000 	D:\Program Files\Unity\Hub\Editor\2022.3.17f1\Editor\Data\PlaybackEngines\AndroidPlayer\OpenJDK\bin\java.exe
0x00007ffbabbb0000 - 0x00007ffbabdc7000 	C:\Windows\SYSTEM32\ntdll.dll
0x00007ffbaa7c0000 - 0x00007ffbaa884000 	C:\Windows\System32\KERNEL32.DLL
0x00007ffba9550000 - 0x00007ffba98f6000 	C:\Windows\System32\KERNELBASE.dll
0x00007ffba9220000 - 0x00007ffba9331000 	C:\Windows\System32\ucrtbase.dll
0x00007ffb888f0000 - 0x00007ffb88907000 	D:\Program Files\Unity\Hub\Editor\2022.3.17f1\Editor\Data\PlaybackEngines\AndroidPlayer\OpenJDK\bin\jli.dll
0x00007ffb7fc50000 - 0x00007ffb7fc65000 	D:\Program Files\Unity\Hub\Editor\2022.3.17f1\Editor\Data\PlaybackEngines\AndroidPlayer\OpenJDK\bin\VCRUNTIME140.dll
0x00007ffba9a40000 - 0x00007ffba9bee000 	C:\Windows\System32\USER32.dll
0x00007ffba9520000 - 0x00007ffba9546000 	C:\Windows\System32\win32u.dll
0x00007ffb897b0000 - 0x00007ffb89a43000 	C:\Windows\WinSxS\amd64_microsoft.windows.common-controls_6595b64144ccf1df_6.0.22621.2506_none_270c5ae97388e100\COMCTL32.dll
0x00007ffba9910000 - 0x00007ffba9939000 	C:\Windows\System32\GDI32.dll
0x00007ffbaa890000 - 0x00007ffbaa937000 	C:\Windows\System32\msvcrt.dll
0x00007ffba9340000 - 0x00007ffba9458000 	C:\Windows\System32\gdi32full.dll
0x00007ffba9150000 - 0x00007ffba91ea000 	C:\Windows\System32\msvcp_win.dll
0x00007ffbab1b0000 - 0x00007ffbab1e1000 	C:\Windows\System32\IMM32.DLL
0x00007ffb60590000 - 0x00007ffb6062b000 	D:\Program Files\Unity\Hub\Editor\2022.3.17f1\Editor\Data\PlaybackEngines\AndroidPlayer\OpenJDK\bin\msvcp140.dll
0x00007ffb510e0000 - 0x00007ffb51c61000 	D:\Program Files\Unity\Hub\Editor\2022.3.17f1\Editor\Data\PlaybackEngines\AndroidPlayer\OpenJDK\bin\server\jvm.dll
0x00007ffbaa940000 - 0x00007ffbaa9f3000 	C:\Windows\System32\ADVAPI32.dll
0x00007ffbaba10000 - 0x00007ffbabab8000 	C:\Windows\System32\sechost.dll
0x00007ffba91f0000 - 0x00007ffba9218000 	C:\Windows\System32\bcrypt.dll
0x00007ffbab090000 - 0x00007ffbab1a7000 	C:\Windows\System32\RPCRT4.dll
0x00007ffba9900000 - 0x00007ffba9908000 	C:\Windows\System32\PSAPI.DLL
0x00007ffb6d780000 - 0x00007ffb6d789000 	C:\Windows\SYSTEM32\WSOCK32.dll
0x00007ffb92450000 - 0x00007ffb92484000 	C:\Windows\SYSTEM32\WINMM.dll
0x00007ffbaab10000 - 0x00007ffbaab81000 	C:\Windows\System32\WS2_32.dll
0x00007ffba20b0000 - 0x00007ffba20ba000 	C:\Windows\SYSTEM32\VERSION.dll
0x00007ffba7fe0000 - 0x00007ffba7ff8000 	D:\Program Files\Unity\Hub\Editor\2022.3.17f1\Editor\Data\PlaybackEngines\AndroidPlayer\OpenJDK\bin\java.exe
0x00007ffba3500000 - 0x00007ffba3510000 	D:\Program Files\Unity\Hub\Editor\2022.3.17f1\Editor\Data\PlaybackEngines\AndroidPlayer\OpenJDK\bin\VCRUNTIME140.dll
0x00007ffb8bc30000 - 0x00007ffb8be63000 	C:\Windows\System32\msvcrt.dll
0x00007ffbaabc0000 - 0x00007ffbaaf49000 	C:\Windows\System32\IMM32.DLL
0x00007ffbaaf50000 - 0x00007ffbab027000 	D:\Program Files\Unity\Hub\Editor\2022.3.17f1\Editor\Data\PlaybackEngines\AndroidPlayer\OpenJDK\bin\server\jvm.dll
0x00007ffb77a30000 - 0x00007ffb77a62000 	C:\Windows\SYSTEM32\dbgcore.DLL
0x00007ffba9060000 - 0x00007ffba90da000 	C:\Windows\System32\bcrypt.dll
0x00007ffb7c8d0000 - 0x00007ffb7c8f8000 	C:\Windows\System32\PSAPI.DLL
0x00007ffb888e0000 - 0x00007ffb888ea000 	C:\Windows\SYSTEM32\WINMM.dll
0x00007ffb7e3c0000 - 0x00007ffb7e3d8000 	C:\Windows\System32\WS2_32.dll
0x00007ffba9bf0000 - 0x00007ffbaa44b000 	C:\Windows\SYSTEM32\kernel.appcore.dll
0x00007ffba6e00000 - 0x00007ffba76f6000 	C:\Windows\SYSTEM32\windows.storage.dll
0x00007ffba6cc0000 - 0x00007ffba6dfe000 	C:\Windows\SYSTEM32\wintypes.dll
0x00007ffbaa6c0000 - 0x00007ffbaa7b3000 	C:\Windows\System32\OLEAUT32.dll
0x00007ffbaaab0000 - 0x00007ffbaab0e000 	C:\Windows\System32\shlwapi.dll
0x00007ffba8e20000 - 0x00007ffba8e46000 	D:\Program Files\Unity\Hub\Editor\2022.3.17f1\Editor\Data\PlaybackEngines\AndroidPlayer\OpenJDK\bin\java.dll
0x00007ffb7c6c0000 - 0x00007ffb7c6d9000 	D:\Program Files\Unity\Hub\Editor\2022.3.17f1\Editor\Data\PlaybackEngines\AndroidPlayer\OpenJDK\bin\jimage.dll
0x00007ffba2b70000 - 0x00007ffba2ca7000 	C:\Windows\SYSTEM32\WINHTTP.dll
0x00007ffba8450000 - 0x00007ffba84b9000 	C:\Windows\system32\mswsock.dll
0x00007ffb74130000 - 0x00007ffb74143000 	D:\Program Files\Unity\Hub\Editor\2022.3.17f1\Editor\Data\PlaybackEngines\AndroidPlayer\OpenJDK\bin\nio.dll

dbghelp: loaded successfully - version: 4.0.5 - missing functions: none
symbol engine: initialized successfully - sym options: 0x614 - pdb path: .;D:\Program Files\Unity\Hub\Editor\2022.3.17f1\Editor\Data\PlaybackEngines\AndroidPlayer\OpenJDK\bin;C:\Windows\SYSTEM32;C:\Windows\WinSxS\amd64_microsoft.windows.common-controls_6595b64144ccf1df_6.0.22621.2506_none_270c5ae97388e100;D:\Program Files\Unity\Hub\Editor\2022.3.17f1\Editor\Data\PlaybackEngines\AndroidPlayer\OpenJDK\bin\server

VM Arguments:
jvm_args: -Dfile.encoding=UTF-8 -Dcom.android.sdklib.toolsdir=D:\Program Files\Unity\Hub\Editor\2022.3.17f1\Editor\Data\PlaybackEngines\AndroidPlayer\SDK\cmdline-tools\6.0\bin\\.. 
java_command: com.android.sdklib.tool.sdkmanager.SdkManagerCli --list
java_class_path (initial): D:\Program Files\Unity\Hub\Editor\2022.3.17f1\Editor\Data\PlaybackEngines\AndroidPlayer\SDK\cmdline-tools\6.0\bin\..\lib\sdkmanager-classpath.jar
Launcher Type: SUN_STANDARD

[Global flags]
     intx CICompilerCount                          = 4                                         {product} {ergonomic}
     uint ConcGCThreads                            = 3                                         {product} {ergonomic}
     uint G1ConcRefinementThreads                  = 10                                        {product} {ergonomic}
   size_t G1HeapRegionSize                         = 1048576                                   {product} {ergonomic}
    uintx GCDrainStackTargetSize                   = 64                                        {product} {ergonomic}
   size_t InitialHeapSize                          = 266338304                                 {product} {ergonomic}
   size_t MarkStackSize                            = 4194304                                   {product} {ergonomic}
   size_t MaxHeapSize                              = 4257218560                                {product} {ergonomic}
   size_t MaxNewSize                               = 2554331136                                {product} {ergonomic}
   size_t MinHeapDeltaBytes                        = 1048576                                   {product} {ergonomic}
    uintx NonNMethodCodeHeapSize                   = 5836300                                {pd product} {ergonomic}
    uintx NonProfiledCodeHeapSize                  = 122910970                              {pd product} {ergonomic}
    uintx ProfiledCodeHeapSize                     = 122910970                              {pd product} {ergonomic}
    uintx ReservedCodeCacheSize                    = 251658240                              {pd product} {ergonomic}
     bool SegmentedCodeCache                       = true                                      {product} {ergonomic}
     bool UseCompressedClassPointers               = true                                 {lp64_product} {ergonomic}
     bool UseCompressedOops                        = true                                 {lp64_product} {ergonomic}
     bool UseG1GC                                  = true                                      {product} {ergonomic}
     bool UseLargePagesIndividualAllocation        = false                                  {pd product} {ergonomic}

Logging:
Log output configuration:
 #0: stdout all=warning uptime,level,tags
 #1: stderr all=off uptime,level,tags

Environment Variables:
JAVA_HOME=D:\Program Files\Unity\Hub\Editor\2022.3.17f1\Editor\Data\PlaybackEngines\AndroidPlayer\OpenJDK
JAVA_TOOL_OPTIONS=-Dfile.encoding=UTF-8
CLASSPATH=D:\Program Files\Unity\Hub\Editor\2022.3.17f1\Editor\Data\PlaybackEngines\AndroidPlayer\SDK\cmdline-tools\6.0\bin\..\lib\sdkmanager-classpath.jar
PATH=C:\Program Files\Common Files\Oracle\Java\javapath;C:\Windows\system32;C:\Windows;C:\Windows\System32\Wbem;C:\Windows\System32\WindowsPowerShell\v1.0\;C:\Windows\System32\OpenSSH\;C:\Program Files\Microsoft SQL Server\150\Tools\Binn\;C:\Program Files\Microsoft SQL Server\Client SDK\ODBC\170\Tools\Binn\;C:\Program Files\dotnet\;C:\Program Files\Git\cmd;C:\Program Files\NVIDIA Corporation\NVIDIA NvDLISR;C:\Program Files (x86)\NVIDIA Corporation\PhysX\Common;C:\Program Files\Cloudflare\Cloudflare WARP\;C:\Users\vovak\AppData\Local\Programs\Python\Python312\Scripts\;C:\Users\vovak\AppData\Local\Programs\Python\Python312\;C:\Users\vovak\AppData\Local\Microsoft\WindowsApps;C:\Users\vovak\AppData\Local\Programs\Microsoft VS Code\bin;C:\Users\vovak\.dotnet\tools;D:\Program Files\JetBrains\PhpStorm 2023.3.2\bin;;D:\Program Files\JetBrains\PyCharm 2023.3.2\bin;;C:\Users\vovak\AppData\Local\GitHubDesktop\bin;D:\Program Files\JetBrains\IntelliJ IDEA 2023.3.4\bin;
USERNAME=vovak
OS=Windows_NT
PROCESSOR_IDENTIFIER=Intel64 Family 6 Model 165 Stepping 3, GenuineIntel



---------------  S Y S T E M  ---------------

OS: Windows 11 , 64 bit Build 22621 (10.0.22621.3085)
OS uptime: 3 days 15:37 hours
Hyper-V role detected

CPU:total 12 (initial active 12) (6 cores per cpu, 2 threads per core) family 6 model 165 stepping 3 microcode 0xf0, cmov, cx8, fxsr, mmx, sse, sse2, sse3, ssse3, sse4.1, sse4.2, popcnt, avx, avx2, aes, clmul, erms, 3dnowpref, lzcnt, ht, tsc, tscinvbit, bmi1, bmi2, adx, fma

Memory: 4k page, system-wide physical 16236M (1649M free)
TotalPageFile size 28625M (AvailPageFile size 3M)
current process WorkingSet (physical memory assigned to process): 70M, peak: 70M
current process commit charge ("private bytes"): 354M, peak: 354M

vm_info: OpenJDK 64-Bit Server VM (11.0.14.1+1) for windows-amd64 JRE (11.0.14.1+1), built on Feb  9 2022 01:48:27 by "" with unknown MS VC++:1916

END.
