#
# There is insufficient memory for the Java Runtime Environment to continue.
# Native memory allocation (malloc) failed to allocate 487056 bytes for Chunk::new
# Possible reasons:
#   The system is out of physical RAM or swap space
#   The process is running with CompressedOops enabled, and the Java Heap may be blocking the growth of the native heap
# Possible solutions:
#   Reduce memory load on the system
#   Increase physical memory or swap space
#   Check if swap backing store is full
#   Decrease Java heap size (-Xmx/-Xms)
#   Decrease number of Java threads
#   Decrease Java thread stack sizes (-Xss)
#   Set larger code cache with -XX:ReservedCodeCacheSize=
#   JVM is running with Unscaled Compressed Oops mode in which the Java heap is
#     placed in the first 4GB address space. The Java Heap base address is the
#     maximum limit for the native heap growth. Please use -XX:HeapBaseMinAddress
#     to set the Java Heap base and to place the Java Heap above 4GB virtual address.
# This output file may be truncated or incomplete.
#
#  Out of Memory Error (./src/hotspot/share/memory/arena.cpp:197), pid=30848, tid=28704
#
# JRE version: OpenJDK Runtime Environment Temurin-11.0.14.1+1 (11.0.14.1+1) (build 11.0.14.1+1)
# Java VM: OpenJDK 64-Bit Server VM Temurin-11.0.14.1+1 (11.0.14.1+1, mixed mode, tiered, compressed oops, g1 gc, windows-amd64)
# No core dump will be written. Minidumps are not enabled by default on client versions of Windows
#

---------------  S U M M A R Y ------------

Command Line: -Dfile.encoding=UTF-8 org.gradle.launcher.GradleMain -Dorg.gradle.jvmargs=-Xmx4096m --stop

Host: Intel(R) Core(TM) i5-8300H CPU @ 2.30GHz, 8 cores, 7G,  Windows 11 , 64 bit Build 22621 (10.0.22621.2506)
Time: Wed Feb  7 11:43:20 2024 Фінляндія (зима) elapsed time: 1.427056 seconds (0d 0h 0m 1s)

---------------  T H R E A D  ---------------

Current thread (0x0000021b18a36000):  JavaThread "C2 CompilerThread0" daemon [_thread_in_native, id=28704, stack(0x000000f394e00000,0x000000f394f00000)]


Current CompileTask:
C2:   1427 1315       4       org.gradle.api.internal.classpath.DefaultModuleRegistry$DefaultModule::collectRequiredModules (99 bytes)

Stack: [0x000000f394e00000,0x000000f394f00000]
Native frames: (J=compiled Java code, j=interpreted, Vv=VM code, C=native code)
V  [jvm.dll+0x61e59a]
V  [jvm.dll+0x7aaca9]
V  [jvm.dll+0x7ac398]
V  [jvm.dll+0x7aca73]
V  [jvm.dll+0x24f9b8]
V  [jvm.dll+0xc260c]
V  [jvm.dll+0xc2bcc]
V  [jvm.dll+0x359a07]
V  [jvm.dll+0x19e841]
V  [jvm.dll+0x208d12]
V  [jvm.dll+0x207ded]
V  [jvm.dll+0x18a2c1]
V  [jvm.dll+0x217734]
V  [jvm.dll+0x21597b]
V  [jvm.dll+0x76d7c0]
V  [jvm.dll+0x766724]
V  [jvm.dll+0x61d3f6]
C  [ucrtbase.dll+0x29363]
C  [KERNEL32.DLL+0x1257d]
C  [ntdll.dll+0x5aa58]


---------------  P R O C E S S  ---------------

Threads class SMR info:
_java_thread_list=0x0000021b197d4e90, length=13, elements={
0x0000021b790a1000, 0x0000021b180ce800, 0x0000021b180c5000, 0x0000021b18a27800,
0x0000021b18a28000, 0x0000021b18a2b000, 0x0000021b18a36000, 0x0000021b180d9000,
0x0000021b18a6d000, 0x0000021b18bc2000, 0x0000021b18c17000, 0x0000021b198a2000,
0x0000021b18dd5000
}

Java Threads: ( => current thread )
  0x0000021b790a1000 JavaThread "main" [_thread_in_Java, id=25104, stack(0x000000f394200000,0x000000f394300000)]
  0x0000021b180ce800 JavaThread "Reference Handler" daemon [_thread_blocked, id=31692, stack(0x000000f394900000,0x000000f394a00000)]
  0x0000021b180c5000 JavaThread "Finalizer" daemon [_thread_blocked, id=29976, stack(0x000000f394a00000,0x000000f394b00000)]
  0x0000021b18a27800 JavaThread "Signal Dispatcher" daemon [_thread_blocked, id=23268, stack(0x000000f394b00000,0x000000f394c00000)]
  0x0000021b18a28000 JavaThread "Attach Listener" daemon [_thread_blocked, id=6196, stack(0x000000f394c00000,0x000000f394d00000)]
  0x0000021b18a2b000 JavaThread "Service Thread" daemon [_thread_blocked, id=11636, stack(0x000000f394d00000,0x000000f394e00000)]
=>0x0000021b18a36000 JavaThread "C2 CompilerThread0" daemon [_thread_in_native, id=28704, stack(0x000000f394e00000,0x000000f394f00000)]
  0x0000021b180d9000 JavaThread "C1 CompilerThread0" daemon [_thread_in_native, id=29992, stack(0x000000f394f00000,0x000000f395000000)]
  0x0000021b18a6d000 JavaThread "Sweeper thread" daemon [_thread_blocked, id=30768, stack(0x000000f395000000,0x000000f395100000)]
  0x0000021b18bc2000 JavaThread "Common-Cleaner" daemon [_thread_blocked, id=16632, stack(0x000000f395200000,0x000000f395300000)]
  0x0000021b18c17000 JavaThread "C2 CompilerThread1" daemon [_thread_in_native, id=29448, stack(0x000000f395300000,0x000000f395400000)]
  0x0000021b198a2000 JavaThread "C2 CompilerThread2" daemon [_thread_blocked, id=24164, stack(0x000000f395400000,0x000000f395500000)]
  0x0000021b18dd5000 JavaThread "pool-1-thread-1" [_thread_blocked, id=21600, stack(0x000000f395700000,0x000000f395800000)]

Other Threads:
  0x0000021b1809c000 VMThread "VM Thread" [stack: 0x000000f394800000,0x000000f394900000] [id=7244]
  0x0000021b18bb9000 WatcherThread [stack: 0x000000f395100000,0x000000f395200000] [id=26956]
  0x0000021b790b9800 GCTaskThread "GC Thread#0" [stack: 0x000000f394300000,0x000000f394400000] [id=18916]
  0x0000021b19bd3800 GCTaskThread "GC Thread#1" [stack: 0x000000f395500000,0x000000f395600000] [id=21000]
  0x0000021b198ec800 GCTaskThread "GC Thread#2" [stack: 0x000000f395600000,0x000000f395700000] [id=3140]
  0x0000021b790ef000 ConcurrentGCThread "G1 Main Marker" [stack: 0x000000f394400000,0x000000f394500000] [id=31108]
  0x0000021b790f0000 ConcurrentGCThread "G1 Conc#0" [stack: 0x000000f394500000,0x000000f394600000] [id=23916]
  0x0000021b17f06800 ConcurrentGCThread "G1 Refine#0" [stack: 0x000000f394600000,0x000000f394700000] [id=10172]
  0x0000021b17f08800 ConcurrentGCThread "G1 Young RemSet Sampling" [stack: 0x000000f394700000,0x000000f394800000] [id=8556]

Threads with active compile tasks:
C2 CompilerThread0   1454 1315       4       org.gradle.api.internal.classpath.DefaultModuleRegistry$DefaultModule::collectRequiredModules (99 bytes)
C1 CompilerThread0   1454 1426       3       java.util.HashMap::putVal (300 bytes)
C2 CompilerThread1   1454 1349  s!   4       jdk.internal.loader.URLClassPath::getLoader (194 bytes)

VM state:not at safepoint (normal execution)

VM Mutex/Monitor currently owned by a thread: None

Heap address: 0x0000000081c00000, size: 2020 MB, Compressed Oops mode: 32-bit
Narrow klass base: 0x0000000000000000, Narrow klass shift: 3
Compressed class space size: 1073741824 Address: 0x0000000100000000

Heap:
 garbage-first heap   total 131072K, used 67740K [0x0000000081c00000, 0x0000000100000000)
  region size 1024K, 60 young (61440K), 3 survivors (3072K)
 Metaspace       used 14643K, capacity 14986K, committed 15232K, reserved 1062912K
  class space    used 1709K, capacity 1804K, committed 1920K, reserved 1048576K
Heap Regions: E=young(eden), S=young(survivor), O=old, HS=humongous(starts), HC=humongous(continues), CS=collection set, F=free, A=archive, TAMS=top-at-mark-start (previous, next)
|   0|0x0000000081c00000, 0x0000000081d00000, 0x0000000081d00000|100%|HS|  |TAMS 0x0000000081c00000, 0x0000000081c00000| Complete 
|   1|0x0000000081d00000, 0x0000000081d00000, 0x0000000081e00000|  0%| F|  |TAMS 0x0000000081d00000, 0x0000000081d00000| Untracked 
|   2|0x0000000081e00000, 0x0000000081e00000, 0x0000000081f00000|  0%| F|  |TAMS 0x0000000081e00000, 0x0000000081e00000| Untracked 
|   3|0x0000000081f00000, 0x0000000082000000, 0x0000000082000000|100%|HS|  |TAMS 0x0000000081f00000, 0x0000000081f00000| Complete 
|   4|0x0000000082000000, 0x0000000082100000, 0x0000000082100000|100%|HC|  |TAMS 0x0000000082000000, 0x0000000082000000| Complete 
|   5|0x0000000082100000, 0x0000000082200000, 0x0000000082200000|100%|HC|  |TAMS 0x0000000082100000, 0x0000000082100000| Complete 
|   6|0x0000000082200000, 0x0000000082300000, 0x0000000082300000|100%| O|  |TAMS 0x0000000082200000, 0x0000000082200000| Untracked 
|   7|0x0000000082300000, 0x0000000082400000, 0x0000000082400000|100%| O|  |TAMS 0x0000000082300000, 0x0000000082300000| Untracked 
|   8|0x0000000082400000, 0x0000000082500000, 0x0000000082500000|100%| O|  |TAMS 0x0000000082400000, 0x0000000082400000| Untracked 
|   9|0x0000000082500000, 0x0000000082527000, 0x0000000082600000| 15%| O|  |TAMS 0x0000000082500000, 0x0000000082500000| Untracked 
|  10|0x0000000082600000, 0x0000000082600000, 0x0000000082700000|  0%| F|  |TAMS 0x0000000082600000, 0x0000000082600000| Untracked 
|  11|0x0000000082700000, 0x0000000082700000, 0x0000000082800000|  0%| F|  |TAMS 0x0000000082700000, 0x0000000082700000| Untracked 
|  12|0x0000000082800000, 0x0000000082800000, 0x0000000082900000|  0%| F|  |TAMS 0x0000000082800000, 0x0000000082800000| Untracked 
|  13|0x0000000082900000, 0x0000000082900000, 0x0000000082a00000|  0%| F|  |TAMS 0x0000000082900000, 0x0000000082900000| Untracked 
|  14|0x0000000082a00000, 0x0000000082a00000, 0x0000000082b00000|  0%| F|  |TAMS 0x0000000082a00000, 0x0000000082a00000| Untracked 
|  15|0x0000000082b00000, 0x0000000082b00000, 0x0000000082c00000|  0%| F|  |TAMS 0x0000000082b00000, 0x0000000082b00000| Untracked 
|  16|0x0000000082c00000, 0x0000000082c00000, 0x0000000082d00000|  0%| F|  |TAMS 0x0000000082c00000, 0x0000000082c00000| Untracked 
|  17|0x0000000082d00000, 0x0000000082d00000, 0x0000000082e00000|  0%| F|  |TAMS 0x0000000082d00000, 0x0000000082d00000| Untracked 
|  18|0x0000000082e00000, 0x0000000082e00000, 0x0000000082f00000|  0%| F|  |TAMS 0x0000000082e00000, 0x0000000082e00000| Untracked 
|  19|0x0000000082f00000, 0x0000000082f00000, 0x0000000083000000|  0%| F|  |TAMS 0x0000000082f00000, 0x0000000082f00000| Untracked 
|  20|0x0000000083000000, 0x0000000083000000, 0x0000000083100000|  0%| F|  |TAMS 0x0000000083000000, 0x0000000083000000| Untracked 
|  21|0x0000000083100000, 0x0000000083100000, 0x0000000083200000|  0%| F|  |TAMS 0x0000000083100000, 0x0000000083100000| Untracked 
|  22|0x0000000083200000, 0x0000000083200000, 0x0000000083300000|  0%| F|  |TAMS 0x0000000083200000, 0x0000000083200000| Untracked 
|  23|0x0000000083300000, 0x0000000083300000, 0x0000000083400000|  0%| F|  |TAMS 0x0000000083300000, 0x0000000083300000| Untracked 
|  24|0x0000000083400000, 0x0000000083400000, 0x0000000083500000|  0%| F|  |TAMS 0x0000000083400000, 0x0000000083400000| Untracked 
|  25|0x0000000083500000, 0x0000000083500000, 0x0000000083600000|  0%| F|  |TAMS 0x0000000083500000, 0x0000000083500000| Untracked 
|  26|0x0000000083600000, 0x0000000083600000, 0x0000000083700000|  0%| F|  |TAMS 0x0000000083600000, 0x0000000083600000| Untracked 
|  27|0x0000000083700000, 0x0000000083700000, 0x0000000083800000|  0%| F|  |TAMS 0x0000000083700000, 0x0000000083700000| Untracked 
|  28|0x0000000083800000, 0x0000000083800000, 0x0000000083900000|  0%| F|  |TAMS 0x0000000083800000, 0x0000000083800000| Untracked 
|  29|0x0000000083900000, 0x0000000083900000, 0x0000000083a00000|  0%| F|  |TAMS 0x0000000083900000, 0x0000000083900000| Untracked 
|  30|0x0000000083a00000, 0x0000000083a00000, 0x0000000083b00000|  0%| F|  |TAMS 0x0000000083a00000, 0x0000000083a00000| Untracked 
|  31|0x0000000083b00000, 0x0000000083b00000, 0x0000000083c00000|  0%| F|  |TAMS 0x0000000083b00000, 0x0000000083b00000| Untracked 
|  32|0x0000000083c00000, 0x0000000083c00000, 0x0000000083d00000|  0%| F|  |TAMS 0x0000000083c00000, 0x0000000083c00000| Untracked 
|  33|0x0000000083d00000, 0x0000000083d00000, 0x0000000083e00000|  0%| F|  |TAMS 0x0000000083d00000, 0x0000000083d00000| Untracked 
|  34|0x0000000083e00000, 0x0000000083e00000, 0x0000000083f00000|  0%| F|  |TAMS 0x0000000083e00000, 0x0000000083e00000| Untracked 
|  35|0x0000000083f00000, 0x0000000083f00000, 0x0000000084000000|  0%| F|  |TAMS 0x0000000083f00000, 0x0000000083f00000| Untracked 
|  36|0x0000000084000000, 0x0000000084000000, 0x0000000084100000|  0%| F|  |TAMS 0x0000000084000000, 0x0000000084000000| Untracked 
|  37|0x0000000084100000, 0x0000000084100000, 0x0000000084200000|  0%| F|  |TAMS 0x0000000084100000, 0x0000000084100000| Untracked 
|  38|0x0000000084200000, 0x0000000084200000, 0x0000000084300000|  0%| F|  |TAMS 0x0000000084200000, 0x0000000084200000| Untracked 
|  39|0x0000000084300000, 0x0000000084300000, 0x0000000084400000|  0%| F|  |TAMS 0x0000000084300000, 0x0000000084300000| Untracked 
|  40|0x0000000084400000, 0x0000000084400000, 0x0000000084500000|  0%| F|  |TAMS 0x0000000084400000, 0x0000000084400000| Untracked 
|  41|0x0000000084500000, 0x0000000084500000, 0x0000000084600000|  0%| F|  |TAMS 0x0000000084500000, 0x0000000084500000| Untracked 
|  42|0x0000000084600000, 0x0000000084600000, 0x0000000084700000|  0%| F|  |TAMS 0x0000000084600000, 0x0000000084600000| Untracked 
|  43|0x0000000084700000, 0x0000000084700000, 0x0000000084800000|  0%| F|  |TAMS 0x0000000084700000, 0x0000000084700000| Untracked 
|  44|0x0000000084800000, 0x0000000084800000, 0x0000000084900000|  0%| F|  |TAMS 0x0000000084800000, 0x0000000084800000| Untracked 
|  45|0x0000000084900000, 0x0000000084900000, 0x0000000084a00000|  0%| F|  |TAMS 0x0000000084900000, 0x0000000084900000| Untracked 
|  46|0x0000000084a00000, 0x0000000084a00000, 0x0000000084b00000|  0%| F|  |TAMS 0x0000000084a00000, 0x0000000084a00000| Untracked 
|  47|0x0000000084b00000, 0x0000000084b00000, 0x0000000084c00000|  0%| F|  |TAMS 0x0000000084b00000, 0x0000000084b00000| Untracked 
|  48|0x0000000084c00000, 0x0000000084c00000, 0x0000000084d00000|  0%| F|  |TAMS 0x0000000084c00000, 0x0000000084c00000| Untracked 
|  49|0x0000000084d00000, 0x0000000084d00000, 0x0000000084e00000|  0%| F|  |TAMS 0x0000000084d00000, 0x0000000084d00000| Untracked 
|  50|0x0000000084e00000, 0x0000000084e00000, 0x0000000084f00000|  0%| F|  |TAMS 0x0000000084e00000, 0x0000000084e00000| Untracked 
|  51|0x0000000084f00000, 0x0000000084f00000, 0x0000000085000000|  0%| F|  |TAMS 0x0000000084f00000, 0x0000000084f00000| Untracked 
|  52|0x0000000085000000, 0x0000000085000000, 0x0000000085100000|  0%| F|  |TAMS 0x0000000085000000, 0x0000000085000000| Untracked 
|  53|0x0000000085100000, 0x0000000085100000, 0x0000000085200000|  0%| F|  |TAMS 0x0000000085100000, 0x0000000085100000| Untracked 
|  54|0x0000000085200000, 0x0000000085200000, 0x0000000085300000|  0%| F|  |TAMS 0x0000000085200000, 0x0000000085200000| Untracked 
|  55|0x0000000085300000, 0x0000000085300000, 0x0000000085400000|  0%| F|  |TAMS 0x0000000085300000, 0x0000000085300000| Untracked 
|  56|0x0000000085400000, 0x0000000085400000, 0x0000000085500000|  0%| F|  |TAMS 0x0000000085400000, 0x0000000085400000| Untracked 
|  57|0x0000000085500000, 0x0000000085500000, 0x0000000085600000|  0%| F|  |TAMS 0x0000000085500000, 0x0000000085500000| Untracked 
|  58|0x0000000085600000, 0x0000000085600000, 0x0000000085700000|  0%| F|  |TAMS 0x0000000085600000, 0x0000000085600000| Untracked 
|  59|0x0000000085700000, 0x0000000085700000, 0x0000000085800000|  0%| F|  |TAMS 0x0000000085700000, 0x0000000085700000| Untracked 
|  60|0x0000000085800000, 0x0000000085800000, 0x0000000085900000|  0%| F|  |TAMS 0x0000000085800000, 0x0000000085800000| Untracked 
|  61|0x0000000085900000, 0x0000000085900000, 0x0000000085a00000|  0%| F|  |TAMS 0x0000000085900000, 0x0000000085900000| Untracked 
|  62|0x0000000085a00000, 0x0000000085a00000, 0x0000000085b00000|  0%| F|  |TAMS 0x0000000085a00000, 0x0000000085a00000| Untracked 
|  63|0x0000000085b00000, 0x0000000085b00000, 0x0000000085c00000|  0%| F|  |TAMS 0x0000000085b00000, 0x0000000085b00000| Untracked 
|  64|0x0000000085c00000, 0x0000000085c00000, 0x0000000085d00000|  0%| F|  |TAMS 0x0000000085c00000, 0x0000000085c00000| Untracked 
|  65|0x0000000085d00000, 0x0000000085d00000, 0x0000000085e00000|  0%| F|  |TAMS 0x0000000085d00000, 0x0000000085d00000| Untracked 
|  66|0x0000000085e00000, 0x0000000085e00000, 0x0000000085f00000|  0%| F|  |TAMS 0x0000000085e00000, 0x0000000085e00000| Untracked 
|  67|0x0000000085f00000, 0x0000000085f00000, 0x0000000086000000|  0%| F|  |TAMS 0x0000000085f00000, 0x0000000085f00000| Untracked 
|  68|0x0000000086000000, 0x0000000086080928, 0x0000000086100000| 50%| E|  |TAMS 0x0000000086000000, 0x0000000086000000| Complete 
|  69|0x0000000086100000, 0x0000000086200000, 0x0000000086200000|100%| E|CS|TAMS 0x0000000086100000, 0x0000000086100000| Complete 
|  70|0x0000000086200000, 0x0000000086300000, 0x0000000086300000|100%| E|CS|TAMS 0x0000000086200000, 0x0000000086200000| Complete 
|  71|0x0000000086300000, 0x0000000086400000, 0x0000000086400000|100%| E|CS|TAMS 0x0000000086300000, 0x0000000086300000| Complete 
|  72|0x0000000086400000, 0x0000000086500000, 0x0000000086500000|100%| E|CS|TAMS 0x0000000086400000, 0x0000000086400000| Complete 
|  73|0x0000000086500000, 0x0000000086600000, 0x0000000086600000|100%| E|CS|TAMS 0x0000000086500000, 0x0000000086500000| Complete 
|  74|0x0000000086600000, 0x0000000086700000, 0x0000000086700000|100%| E|CS|TAMS 0x0000000086600000, 0x0000000086600000| Complete 
|  75|0x0000000086700000, 0x0000000086800000, 0x0000000086800000|100%| E|CS|TAMS 0x0000000086700000, 0x0000000086700000| Complete 
|  76|0x0000000086800000, 0x0000000086900000, 0x0000000086900000|100%| E|CS|TAMS 0x0000000086800000, 0x0000000086800000| Complete 
|  77|0x0000000086900000, 0x0000000086a00000, 0x0000000086a00000|100%| E|CS|TAMS 0x0000000086900000, 0x0000000086900000| Complete 
|  78|0x0000000086a00000, 0x0000000086b00000, 0x0000000086b00000|100%| E|CS|TAMS 0x0000000086a00000, 0x0000000086a00000| Complete 
|  79|0x0000000086b00000, 0x0000000086c00000, 0x0000000086c00000|100%| E|CS|TAMS 0x0000000086b00000, 0x0000000086b00000| Complete 
|  80|0x0000000086c00000, 0x0000000086d00000, 0x0000000086d00000|100%| E|CS|TAMS 0x0000000086c00000, 0x0000000086c00000| Complete 
|  81|0x0000000086d00000, 0x0000000086e00000, 0x0000000086e00000|100%| E|CS|TAMS 0x0000000086d00000, 0x0000000086d00000| Complete 
|  82|0x0000000086e00000, 0x0000000086f00000, 0x0000000086f00000|100%| E|CS|TAMS 0x0000000086e00000, 0x0000000086e00000| Complete 
|  83|0x0000000086f00000, 0x0000000087000000, 0x0000000087000000|100%| E|CS|TAMS 0x0000000086f00000, 0x0000000086f00000| Complete 
|  84|0x0000000087000000, 0x0000000087100000, 0x0000000087100000|100%| E|CS|TAMS 0x0000000087000000, 0x0000000087000000| Complete 
|  85|0x0000000087100000, 0x0000000087200000, 0x0000000087200000|100%| E|CS|TAMS 0x0000000087100000, 0x0000000087100000| Complete 
|  86|0x0000000087200000, 0x0000000087300000, 0x0000000087300000|100%| E|CS|TAMS 0x0000000087200000, 0x0000000087200000| Complete 
|  87|0x0000000087300000, 0x0000000087400000, 0x0000000087400000|100%| E|CS|TAMS 0x0000000087300000, 0x0000000087300000| Complete 
|  88|0x0000000087400000, 0x0000000087500000, 0x0000000087500000|100%| E|CS|TAMS 0x0000000087400000, 0x0000000087400000| Complete 
|  89|0x0000000087500000, 0x0000000087600000, 0x0000000087600000|100%| E|CS|TAMS 0x0000000087500000, 0x0000000087500000| Complete 
|  90|0x0000000087600000, 0x0000000087700000, 0x0000000087700000|100%| E|CS|TAMS 0x0000000087600000, 0x0000000087600000| Complete 
|  91|0x0000000087700000, 0x0000000087800000, 0x0000000087800000|100%| E|CS|TAMS 0x0000000087700000, 0x0000000087700000| Complete 
|  92|0x0000000087800000, 0x0000000087900000, 0x0000000087900000|100%| E|CS|TAMS 0x0000000087800000, 0x0000000087800000| Complete 
|  93|0x0000000087900000, 0x0000000087a00000, 0x0000000087a00000|100%| E|CS|TAMS 0x0000000087900000, 0x0000000087900000| Complete 
|  94|0x0000000087a00000, 0x0000000087b00000, 0x0000000087b00000|100%| E|CS|TAMS 0x0000000087a00000, 0x0000000087a00000| Complete 
|  95|0x0000000087b00000, 0x0000000087c00000, 0x0000000087c00000|100%| E|CS|TAMS 0x0000000087b00000, 0x0000000087b00000| Complete 
|  96|0x0000000087c00000, 0x0000000087d00000, 0x0000000087d00000|100%| E|CS|TAMS 0x0000000087c00000, 0x0000000087c00000| Complete 
|  97|0x0000000087d00000, 0x0000000087e00000, 0x0000000087e00000|100%| E|CS|TAMS 0x0000000087d00000, 0x0000000087d00000| Complete 
|  98|0x0000000087e00000, 0x0000000087f00000, 0x0000000087f00000|100%| E|CS|TAMS 0x0000000087e00000, 0x0000000087e00000| Complete 
|  99|0x0000000087f00000, 0x0000000088000000, 0x0000000088000000|100%| E|CS|TAMS 0x0000000087f00000, 0x0000000087f00000| Complete 
| 100|0x0000000088000000, 0x0000000088100000, 0x0000000088100000|100%| E|CS|TAMS 0x0000000088000000, 0x0000000088000000| Complete 
| 101|0x0000000088100000, 0x0000000088200000, 0x0000000088200000|100%| S|CS|TAMS 0x0000000088100000, 0x0000000088100000| Complete 
| 102|0x0000000088200000, 0x0000000088300000, 0x0000000088300000|100%| S|CS|TAMS 0x0000000088200000, 0x0000000088200000| Complete 
| 103|0x0000000088300000, 0x0000000088400000, 0x0000000088400000|100%| S|CS|TAMS 0x0000000088300000, 0x0000000088300000| Complete 
| 104|0x0000000088400000, 0x0000000088500000, 0x0000000088500000|100%| E|CS|TAMS 0x0000000088400000, 0x0000000088400000| Complete 
| 105|0x0000000088500000, 0x0000000088600000, 0x0000000088600000|100%| E|CS|TAMS 0x0000000088500000, 0x0000000088500000| Complete 
| 106|0x0000000088600000, 0x0000000088700000, 0x0000000088700000|100%| E|CS|TAMS 0x0000000088600000, 0x0000000088600000| Complete 
| 107|0x0000000088700000, 0x0000000088800000, 0x0000000088800000|100%| E|CS|TAMS 0x0000000088700000, 0x0000000088700000| Complete 
| 108|0x0000000088800000, 0x0000000088900000, 0x0000000088900000|100%| E|CS|TAMS 0x0000000088800000, 0x0000000088800000| Complete 
| 109|0x0000000088900000, 0x0000000088a00000, 0x0000000088a00000|100%| E|CS|TAMS 0x0000000088900000, 0x0000000088900000| Complete 
| 110|0x0000000088a00000, 0x0000000088b00000, 0x0000000088b00000|100%| E|CS|TAMS 0x0000000088a00000, 0x0000000088a00000| Complete 
| 111|0x0000000088b00000, 0x0000000088c00000, 0x0000000088c00000|100%| E|CS|TAMS 0x0000000088b00000, 0x0000000088b00000| Complete 
| 112|0x0000000088c00000, 0x0000000088d00000, 0x0000000088d00000|100%| E|CS|TAMS 0x0000000088c00000, 0x0000000088c00000| Complete 
| 113|0x0000000088d00000, 0x0000000088e00000, 0x0000000088e00000|100%| E|CS|TAMS 0x0000000088d00000, 0x0000000088d00000| Complete 
| 114|0x0000000088e00000, 0x0000000088f00000, 0x0000000088f00000|100%| E|CS|TAMS 0x0000000088e00000, 0x0000000088e00000| Complete 
| 115|0x0000000088f00000, 0x0000000089000000, 0x0000000089000000|100%| E|CS|TAMS 0x0000000088f00000, 0x0000000088f00000| Complete 
| 116|0x0000000089000000, 0x0000000089100000, 0x0000000089100000|100%| E|CS|TAMS 0x0000000089000000, 0x0000000089000000| Complete 
| 117|0x0000000089100000, 0x0000000089200000, 0x0000000089200000|100%| E|CS|TAMS 0x0000000089100000, 0x0000000089100000| Complete 
| 118|0x0000000089200000, 0x0000000089300000, 0x0000000089300000|100%| E|CS|TAMS 0x0000000089200000, 0x0000000089200000| Complete 
| 119|0x0000000089300000, 0x0000000089400000, 0x0000000089400000|100%| E|CS|TAMS 0x0000000089300000, 0x0000000089300000| Complete 
| 120|0x0000000089400000, 0x0000000089500000, 0x0000000089500000|100%| E|CS|TAMS 0x0000000089400000, 0x0000000089400000| Complete 
| 121|0x0000000089500000, 0x0000000089600000, 0x0000000089600000|100%| E|CS|TAMS 0x0000000089500000, 0x0000000089500000| Complete 
| 122|0x0000000089600000, 0x0000000089700000, 0x0000000089700000|100%| E|CS|TAMS 0x0000000089600000, 0x0000000089600000| Complete 
| 123|0x0000000089700000, 0x0000000089800000, 0x0000000089800000|100%| E|CS|TAMS 0x0000000089700000, 0x0000000089700000| Complete 
| 124|0x0000000089800000, 0x0000000089900000, 0x0000000089900000|100%| E|CS|TAMS 0x0000000089800000, 0x0000000089800000| Complete 
| 125|0x0000000089900000, 0x0000000089a00000, 0x0000000089a00000|100%| E|CS|TAMS 0x0000000089900000, 0x0000000089900000| Complete 
| 126|0x0000000089a00000, 0x0000000089b00000, 0x0000000089b00000|100%| E|CS|TAMS 0x0000000089a00000, 0x0000000089a00000| Complete 
| 127|0x0000000089b00000, 0x0000000089c00000, 0x0000000089c00000|100%| E|CS|TAMS 0x0000000089b00000, 0x0000000089b00000| Complete 

Card table byte_map: [0x0000021b798a0000,0x0000021b79ca0000] _byte_map_base: 0x0000021b79492000

Marking Bits (Prev, Next): (CMBitMap*) 0x0000021b790e60e8, (CMBitMap*) 0x0000021b790e6120
 Prev Bits: [0x0000021b7a0a0000, 0x0000021b7c030000)
 Next Bits: [0x0000021b7c030000, 0x0000021b7dfc0000)

Polling page: 0x0000021b77020000

Metaspace:

Usage:
  Non-class:     12.94 MB capacity,    12.66 MB ( 98%) used,   263.77 KB (  2%) free+waste,    21.06 KB ( <1%) overhead. 
      Class:      1.79 MB capacity,     1.68 MB ( 94%) used,   107.74 KB (  6%) free+waste,    10.31 KB ( <1%) overhead. 
       Both:     14.73 MB capacity,    14.34 MB ( 97%) used,   371.52 KB (  2%) free+waste,    31.38 KB ( <1%) overhead. 

Virtual space:
  Non-class space:       14.00 MB reserved,      13.00 MB ( 93%) committed 
      Class space:        1.00 GB reserved,       1.88 MB ( <1%) committed 
             Both:        1.01 GB reserved,      14.88 MB (  1%) committed 

Chunk freelists:
   Non-Class:  2.00 KB
       Class:  20.00 KB
        Both:  22.00 KB

MaxMetaspaceSize: 17179869184.00 GB
CompressedClassSpaceSize: 1.00 GB
Initial GC threshold: 20.80 MB
Current GC threshold: 20.80 MB
CDS: off

CodeHeap 'non-profiled nmethods': size=120000Kb used=707Kb max_used=707Kb free=119292Kb
 bounds [0x0000021b10130000, 0x0000021b103a0000, 0x0000021b17660000]
CodeHeap 'profiled nmethods': size=120000Kb used=3025Kb max_used=3025Kb free=116975Kb
 bounds [0x0000021b08c00000, 0x0000021b08f00000, 0x0000021b10130000]
CodeHeap 'non-nmethods': size=5760Kb used=1135Kb max_used=1157Kb free=4625Kb
 bounds [0x0000021b08660000, 0x0000021b088d0000, 0x0000021b08c00000]
 total_blobs=1813 nmethods=1423 adapters=303
 compilation: enabled
              stopped_count=0, restarted_count=0
 full_count=0

Compilation events (20 events):
Event: 1.324 Thread 0x0000021b180d9000 1351       3       java.nio.CharBuffer::position (8 bytes)
Event: 1.325 Thread 0x0000021b180d9000 nmethod 1351 0x0000021b08ed3090 code [0x0000021b08ed3240, 0x0000021b08ed3388]
Event: 1.330 Thread 0x0000021b180d9000 1354       3       jdk.internal.reflect.MagicAccessorImpl::<init> (5 bytes)
Event: 1.331 Thread 0x0000021b180d9000 nmethod 1354 0x0000021b08ed3410 code [0x0000021b08ed35c0, 0x0000021b08ed3718]
Event: 1.333 Thread 0x0000021b180d9000 1355       3       java.lang.Class$ReflectionData::<init> (10 bytes)
Event: 1.333 Thread 0x0000021b180d9000 nmethod 1355 0x0000021b08ed3810 code [0x0000021b08ed39c0, 0x0000021b08ed3b18]
Event: 1.333 Thread 0x0000021b180d9000 1356       3       java.lang.Class$Atomic::casReflectionData (13 bytes)
Event: 1.333 Thread 0x0000021b180d9000 nmethod 1356 0x0000021b08ed3c10 code [0x0000021b08ed3dc0, 0x0000021b08ed3ef8]
Event: 1.341 Thread 0x0000021b180d9000 1357       3       java.util.concurrent.ConcurrentHashMap::<init> (5 bytes)
Event: 1.341 Thread 0x0000021b180d9000 nmethod 1357 0x0000021b08ed3f90 code [0x0000021b08ed4140, 0x0000021b08ed42f8]
Event: 1.341 Thread 0x0000021b180d9000 1358       3       org.gradle.internal.service.DefaultServiceRegistry$ClassInspector$ClassDetails::collectTypes (63 bytes)
Event: 1.341 Thread 0x0000021b180d9000 nmethod 1358 0x0000021b08ed4410 code [0x0000021b08ed4620, 0x0000021b08ed4aa8]
Event: 1.341 Thread 0x0000021b180d9000 1359       1       org.gradle.internal.service.DefaultServiceRegistry::access$1100 (5 bytes)
Event: 1.341 Thread 0x0000021b180d9000 nmethod 1359 0x0000021b101d3790 code [0x0000021b101d3940, 0x0000021b101d39d8]
Event: 1.341 Thread 0x0000021b180d9000 1360       1       org.gradle.internal.service.DefaultServiceRegistry$ClassInspector$ClassDetails::access$2100 (5 bytes)
Event: 1.341 Thread 0x0000021b180d9000 nmethod 1360 0x0000021b101d3a90 code [0x0000021b101d3c40, 0x0000021b101d3cd8]
Event: 1.341 Thread 0x0000021b180d9000 1361       1       org.gradle.internal.service.AbstractServiceMethod::getServiceType (5 bytes)
Event: 1.341 Thread 0x0000021b180d9000 nmethod 1361 0x0000021b101d3d90 code [0x0000021b101d3f40, 0x0000021b101d3ff8]
Event: 1.344 Thread 0x0000021b180d9000 1362       3       java.lang.invoke.MemberName::isCallerSensitive (7 bytes)
Event: 1.344 Thread 0x0000021b180d9000 nmethod 1362 0x0000021b08ed4d10 code [0x0000021b08ed4ec0, 0x0000021b08ed50f8]

GC Heap History (2 events):
Event: 0.784 GC heap before
{Heap before GC invocations=0 (full 0):
 garbage-first heap   total 131072K, used 29696K [0x0000000081c00000, 0x0000000100000000)
  region size 1024K, 24 young (24576K), 0 survivors (0K)
 Metaspace       used 10428K, capacity 10653K, committed 11008K, reserved 1058816K
  class space    used 1084K, capacity 1168K, committed 1280K, reserved 1048576K
}
Event: 0.791 GC heap after
{Heap after GC invocations=1 (full 0):
 garbage-first heap   total 131072K, used 9372K [0x0000000081c00000, 0x0000000100000000)
  region size 1024K, 3 young (3072K), 3 survivors (3072K)
 Metaspace       used 10428K, capacity 10653K, committed 11008K, reserved 1058816K
  class space    used 1084K, capacity 1168K, committed 1280K, reserved 1048576K
}

Deoptimization events (20 events):
Event: 1.252 Thread 0x0000021b790a1000 DEOPT PACKING pc=0x0000021b1017a30c sp=0x000000f3942f7750
Event: 1.252 Thread 0x0000021b790a1000 DEOPT UNPACKING pc=0x0000021b086aa1af sp=0x000000f3942f76f0 mode 2
Event: 1.253 Thread 0x0000021b790a1000 Uncommon trap: trap_request=0xffffff4d fr.pc=0x0000021b10185984 relative=0x0000000000002724
Event: 1.253 Thread 0x0000021b790a1000 Uncommon trap: reason=unstable_if action=reinterpret pc=0x0000021b10185984 method=jdk.internal.loader.URLClassPath.getLoader(I)Ljdk/internal/loader/URLClassPath$Loader; @ 95 c2
Event: 1.253 Thread 0x0000021b790a1000 DEOPT PACKING pc=0x0000021b10185984 sp=0x000000f3942fafd0
Event: 1.253 Thread 0x0000021b790a1000 DEOPT UNPACKING pc=0x0000021b086aa1af sp=0x000000f3942faff0 mode 2
Event: 1.253 Thread 0x0000021b790a1000 Uncommon trap: trap_request=0xffffffb5 fr.pc=0x0000021b1017ff18 relative=0x00000000000000d8
Event: 1.253 Thread 0x0000021b790a1000 Uncommon trap: reason=unloaded action=reinterpret pc=0x0000021b1017ff18 method=jdk.internal.loader.URLClassPath$JarLoader.ensureOpen()V @ 26 c2
Event: 1.253 Thread 0x0000021b790a1000 DEOPT PACKING pc=0x0000021b1017ff18 sp=0x000000f3942f9430
Event: 1.253 Thread 0x0000021b790a1000 DEOPT UNPACKING pc=0x0000021b086aa1af sp=0x000000f3942f93b8 mode 2
Event: 1.276 Thread 0x0000021b790a1000 DEOPT PACKING pc=0x0000021b08cc00cc sp=0x000000f3942fc210
Event: 1.276 Thread 0x0000021b790a1000 DEOPT UNPACKING pc=0x0000021b086aa95e sp=0x000000f3942fb7b0 mode 0
Event: 1.278 Thread 0x0000021b790a1000 DEOPT PACKING pc=0x0000021b08c8ada1 sp=0x000000f3942fca50
Event: 1.278 Thread 0x0000021b790a1000 DEOPT UNPACKING pc=0x0000021b086aa95e sp=0x000000f3942fbf48 mode 0
Event: 1.279 Thread 0x0000021b790a1000 DEOPT PACKING pc=0x0000021b08c8ada1 sp=0x000000f3942fca50
Event: 1.279 Thread 0x0000021b790a1000 DEOPT UNPACKING pc=0x0000021b086aa95e sp=0x000000f3942fbf48 mode 0
Event: 1.303 Thread 0x0000021b790a1000 DEOPT PACKING pc=0x0000021b08d05430 sp=0x000000f3942fb0c0
Event: 1.303 Thread 0x0000021b790a1000 DEOPT UNPACKING pc=0x0000021b086aa95e sp=0x000000f3942fa5d8 mode 0
Event: 1.318 Thread 0x0000021b790a1000 DEOPT PACKING pc=0x0000021b08cc00cc sp=0x000000f3942fa890
Event: 1.318 Thread 0x0000021b790a1000 DEOPT UNPACKING pc=0x0000021b086aa95e sp=0x000000f3942f9e30 mode 0

Classes redefined (0 events):
No events

Internal exceptions (12 events):
Event: 0.157 Thread 0x0000021b790a1000 Exception <a 'java/lang/NoSuchMethodError'{0x00000000899167c0}: 'int java.lang.invoke.DirectMethodHandle$Holder.invokeStaticInit(java.lang.Object, java.lang.Object)'> (0x00000000899167c0) thrown at [./src/hotspot/share/interpreter/linkResolver.cpp, line 773]
Event: 0.208 Thread 0x0000021b790a1000 Exception <a 'java/lang/NoSuchMethodError'{0x00000000899ee680}: 'int java.lang.invoke.DirectMethodHandle$Holder.invokeSpecial(java.lang.Object, java.lang.Object, java.lang.Object, java.lang.Object)'> (0x00000000899ee680) thrown at [./src/hotspot/share/interpreter/linkResolver.cpp, line 773]
Event: 0.215 Thread 0x0000021b790a1000 Exception <a 'java/lang/NoSuchMethodError'{0x0000000089826908}: 'int java.lang.invoke.DirectMethodHandle$Holder.invokeSpecialIFC(java.lang.Object, java.lang.Object, int)'> (0x0000000089826908) thrown at [./src/hotspot/share/interpreter/linkResolver.cpp, line 773]
Event: 0.675 Thread 0x0000021b790a1000 Implicit null exception at 0x0000021b1016ef75 to 0x0000021b1016f14c
Event: 0.712 Thread 0x0000021b790a1000 Exception <a 'java/lang/NoClassDefFoundError'{0x000000008865b6e0}: org/slf4j/impl/StaticMarkerBinder> (0x000000008865b6e0) thrown at [./src/hotspot/share/classfile/systemDictionary.cpp, line 219]
Event: 0.728 Thread 0x0000021b790a1000 Exception <a 'java/lang/NoSuchMethodError'{0x0000000088549040}: 'java.lang.Object java.lang.invoke.DirectMethodHandle$Holder.invokeVirtual(java.lang.Object, java.lang.Object, java.lang.Object, java.lang.Object, java.lang.Object, java.lang.Object, java.lang.Object)'> (0x0000000088549040) thrown at [./src/hotspot/share/interpreter/linkResolver.cpp, line 773]
Event: 0.730 Thread 0x0000021b790a1000 Exception <a 'java/lang/NoSuchMethodError'{0x000000008855c1a8}: 'java.lang.Object java.lang.invoke.Invokers$Holder.invoker(java.lang.Object, java.lang.Object, java.lang.Object)'> (0x000000008855c1a8) thrown at [./src/hotspot/share/interpreter/linkResolver.cpp, line 773]
Event: 0.732 Thread 0x0000021b790a1000 Exception <a 'java/lang/NoSuchMethodError'{0x000000008856cc78}: 'void java.lang.invoke.DelegatingMethodHandle$Holder.delegate(java.lang.Object, java.lang.Object, int, java.lang.Object)'> (0x000000008856cc78) thrown at [./src/hotspot/share/interpreter/linkResolver.cpp, line 773]
Event: 0.884 Thread 0x0000021b790a1000 Exception <a 'java/lang/NoSuchMethodError'{0x00000000897bff78}: 'java.lang.Object java.lang.invoke.DirectMethodHandle$Holder.invokeInterface(java.lang.Object, java.lang.Object, java.lang.Object)'> (0x00000000897bff78) thrown at [./src/hotspot/share/interpreter/linkResolver.cpp, line 773]
Event: 0.935 Thread 0x0000021b790a1000 Exception <a 'java/lang/NoSuchMethodError'{0x0000000089408c58}: 'java.lang.Object java.lang.invoke.DirectMethodHandle$Holder.invokeStaticInit(java.lang.Object, java.lang.Object, java.lang.Object)'> (0x0000000089408c58) thrown at [./src/hotspot/share/interpreter/linkResolver.cpp, line 773]
Event: 1.253 Thread 0x0000021b790a1000 Exception <a 'java/security/PrivilegedActionException'{0x00000000873504d8}> (0x00000000873504d8) thrown at [./src/hotspot/share/prims/jvm.cpp, line 1306]
Event: 1.253 Thread 0x0000021b790a1000 Exception <a 'java/security/PrivilegedActionException'{0x0000000087350a50}> (0x0000000087350a50) thrown at [./src/hotspot/share/prims/jvm.cpp, line 1306]

Events (20 events):
Event: 1.344 loading class org/gradle/internal/build/event/DefaultBuildEventsListenerRegistry
Event: 1.344 loading class org/gradle/internal/build/event/DefaultBuildEventsListenerRegistry done
Event: 1.344 loading class org/gradle/build/event/BuildEventsListenerRegistry
Event: 1.344 loading class org/gradle/build/event/BuildEventsListenerRegistry done
Event: 1.344 loading class org/gradle/internal/build/event/BuildEventListenerRegistryInternal
Event: 1.344 loading class org/gradle/internal/build/event/BuildEventListenerRegistryInternal done
Event: 1.345 loading class org/gradle/internal/operations/BuildOperationListener
Event: 1.345 loading class org/gradle/internal/operations/BuildOperationListener done
Event: 1.345 loading class org/gradle/initialization/BuildEventConsumer
Event: 1.345 loading class org/gradle/initialization/BuildEventConsumer done
Event: 1.345 loading class org/gradle/internal/build/event/BuildEventListenerFactory
Event: 1.345 loading class org/gradle/internal/build/event/BuildEventListenerFactory done
Event: 1.346 loading class org/gradle/internal/build/event/BuildEventServices$1
Event: 1.346 loading class org/gradle/internal/build/event/BuildEventServices$1 done
Event: 1.346 loading class org/gradle/internal/operations/BuildOperationAncestryTracker
Event: 1.346 loading class org/gradle/internal/operations/BuildOperationAncestryTracker done
Event: 1.346 loading class org/gradle/api/internal/artifacts/DependencyManagementGlobalScopeServices
Event: 1.346 loading class org/gradle/api/internal/artifacts/DependencyManagementGlobalScopeServices done
Event: 1.347 loading class org/gradle/api/internal/artifacts/ivyservice/moduleconverter/dependencies/ExcludeRuleConverter
Event: 1.347 loading class org/gradle/api/internal/artifacts/ivyservice/moduleconverter/dependencies/ExcludeRuleConverter done


Dynamic libraries:
0x00007ff658bf0000 - 0x00007ff658bfd000 	D:\Program Files\Unity\Hub\Editor\2022.3.17f1\Editor\Data\PlaybackEngines\AndroidPlayer\OpenJDK\bin\java.exe
0x00007ffb9d610000 - 0x00007ffb9d827000 	C:\Windows\SYSTEM32\ntdll.dll
0x00007ffb9c0e0000 - 0x00007ffb9c1a4000 	C:\Windows\System32\KERNEL32.DLL
0x00007ffb9ade0000 - 0x00007ffb9b186000 	C:\Windows\System32\KERNELBASE.dll
0x00007ffb9a950000 - 0x00007ffb9aa61000 	C:\Windows\System32\ucrtbase.dll
0x00007ffb8e1e0000 - 0x00007ffb8e1f7000 	D:\Program Files\Unity\Hub\Editor\2022.3.17f1\Editor\Data\PlaybackEngines\AndroidPlayer\OpenJDK\bin\jli.dll
0x00007ffb930c0000 - 0x00007ffb930d5000 	D:\Program Files\Unity\Hub\Editor\2022.3.17f1\Editor\Data\PlaybackEngines\AndroidPlayer\OpenJDK\bin\VCRUNTIME140.dll
0x00007ffb9b530000 - 0x00007ffb9b6de000 	C:\Windows\System32\USER32.dll
0x00007ffb802f0000 - 0x00007ffb80583000 	C:\Windows\WinSxS\amd64_microsoft.windows.common-controls_6595b64144ccf1df_6.0.22621.2506_none_270c5ae97388e100\COMCTL32.dll
0x00007ffb9adb0000 - 0x00007ffb9add6000 	C:\Windows\System32\win32u.dll
0x00007ffb9c780000 - 0x00007ffb9c827000 	C:\Windows\System32\msvcrt.dll
0x00007ffb9bb20000 - 0x00007ffb9bb49000 	C:\Windows\System32\GDI32.dll
0x00007ffb9b190000 - 0x00007ffb9b2a8000 	C:\Windows\System32\gdi32full.dll
0x00007ffb9abe0000 - 0x00007ffb9ac7a000 	C:\Windows\System32\msvcp_win.dll
0x00007ffb9c1c0000 - 0x00007ffb9c1f1000 	C:\Windows\System32\IMM32.DLL
0x00007ffb6ce10000 - 0x00007ffb6ceab000 	D:\Program Files\Unity\Hub\Editor\2022.3.17f1\Editor\Data\PlaybackEngines\AndroidPlayer\OpenJDK\bin\msvcp140.dll
0x00007ffa93220000 - 0x00007ffa93da1000 	D:\Program Files\Unity\Hub\Editor\2022.3.17f1\Editor\Data\PlaybackEngines\AndroidPlayer\OpenJDK\bin\server\jvm.dll
0x00007ffb9bf20000 - 0x00007ffb9bfd3000 	C:\Windows\System32\ADVAPI32.dll
0x00007ffb9ccc0000 - 0x00007ffb9cd68000 	C:\Windows\System32\sechost.dll
0x00007ffb9b2b0000 - 0x00007ffb9b2d8000 	C:\Windows\System32\bcrypt.dll
0x00007ffb9b6e0000 - 0x00007ffb9b7f7000 	C:\Windows\System32\RPCRT4.dll
0x00007ffb9c250000 - 0x00007ffb9c258000 	C:\Windows\System32\PSAPI.DLL
0x00007ffb6ed30000 - 0x00007ffb6ed39000 	C:\Windows\SYSTEM32\WSOCK32.dll
0x00007ffb92fd0000 - 0x00007ffb93004000 	C:\Windows\SYSTEM32\WINMM.dll
0x00007ffb91d50000 - 0x00007ffb91d5a000 	C:\Windows\SYSTEM32\VERSION.dll
0x00007ffb9b800000 - 0x00007ffb9b871000 	C:\Windows\System32\WS2_32.dll
0x00007ffb999d0000 - 0x00007ffb999e8000 	C:\Windows\SYSTEM32\kernel.appcore.dll
0x00007ffb97c90000 - 0x00007ffb97ca0000 	D:\Program Files\Unity\Hub\Editor\2022.3.17f1\Editor\Data\PlaybackEngines\AndroidPlayer\OpenJDK\bin\verify.dll
0x00007ffb7a420000 - 0x00007ffb7a653000 	C:\Windows\SYSTEM32\DBGHELP.DLL
0x00007ffb9c260000 - 0x00007ffb9c5e9000 	C:\Windows\System32\combase.dll
0x00007ffb9ba40000 - 0x00007ffb9bb17000 	C:\Windows\System32\OLEAUT32.dll
0x00007ffb77750000 - 0x00007ffb77782000 	C:\Windows\SYSTEM32\dbgcore.DLL
0x00007ffb9b2e0000 - 0x00007ffb9b35a000 	C:\Windows\System32\bcryptPrimitives.dll
0x00007ffb8d570000 - 0x00007ffb8d598000 	D:\Program Files\Unity\Hub\Editor\2022.3.17f1\Editor\Data\PlaybackEngines\AndroidPlayer\OpenJDK\bin\java.dll
0x00007ffb97bb0000 - 0x00007ffb97bba000 	D:\Program Files\Unity\Hub\Editor\2022.3.17f1\Editor\Data\PlaybackEngines\AndroidPlayer\OpenJDK\bin\jimage.dll
0x00007ffb8d550000 - 0x00007ffb8d568000 	D:\Program Files\Unity\Hub\Editor\2022.3.17f1\Editor\Data\PlaybackEngines\AndroidPlayer\OpenJDK\bin\zip.dll
0x00007ffb9cd70000 - 0x00007ffb9d5ca000 	C:\Windows\System32\SHELL32.dll
0x00007ffb98860000 - 0x00007ffb99156000 	C:\Windows\SYSTEM32\windows.storage.dll
0x00007ffb98720000 - 0x00007ffb9885e000 	C:\Windows\SYSTEM32\wintypes.dll
0x00007ffb9bd90000 - 0x00007ffb9be83000 	C:\Windows\System32\SHCORE.dll
0x00007ffb9c5f0000 - 0x00007ffb9c64e000 	C:\Windows\System32\shlwapi.dll
0x00007ffb9a880000 - 0x00007ffb9a8a6000 	C:\Windows\SYSTEM32\profapi.dll
0x00007ffb8d4d0000 - 0x00007ffb8d4e9000 	D:\Program Files\Unity\Hub\Editor\2022.3.17f1\Editor\Data\PlaybackEngines\AndroidPlayer\OpenJDK\bin\net.dll
0x00007ffb943f0000 - 0x00007ffb94527000 	C:\Windows\SYSTEM32\WINHTTP.dll
0x00007ffb99ea0000 - 0x00007ffb99f09000 	C:\Windows\system32\mswsock.dll
0x00007ffb8d4b0000 - 0x00007ffb8d4c3000 	D:\Program Files\Unity\Hub\Editor\2022.3.17f1\Editor\Data\PlaybackEngines\AndroidPlayer\OpenJDK\bin\nio.dll
0x00007ffb8d480000 - 0x00007ffb8d4a7000 	C:\Users\vovak\.gradle\native\e1d6ef7f7dcc3fd88c89a11ec53ec762bb8ba0a96d01ffa2cd45eb1d1d8dd5c5\windows-amd64\native-platform.dll
0x00007ffb940a0000 - 0x00007ffb940a9000 	D:\Program Files\Unity\Hub\Editor\2022.3.17f1\Editor\Data\PlaybackEngines\AndroidPlayer\OpenJDK\bin\management.dll
0x00007ffb93530000 - 0x00007ffb9353b000 	D:\Program Files\Unity\Hub\Editor\2022.3.17f1\Editor\Data\PlaybackEngines\AndroidPlayer\OpenJDK\bin\management_ext.dll

dbghelp: loaded successfully - version: 4.0.5 - missing functions: none
symbol engine: initialized successfully - sym options: 0x614 - pdb path: .;D:\Program Files\Unity\Hub\Editor\2022.3.17f1\Editor\Data\PlaybackEngines\AndroidPlayer\OpenJDK\bin;C:\Windows\SYSTEM32;C:\Windows\WinSxS\amd64_microsoft.windows.common-controls_6595b64144ccf1df_6.0.22621.2506_none_270c5ae97388e100;D:\Program Files\Unity\Hub\Editor\2022.3.17f1\Editor\Data\PlaybackEngines\AndroidPlayer\OpenJDK\bin\server;C:\Users\vovak\.gradle\native\e1d6ef7f7dcc3fd88c89a11ec53ec762bb8ba0a96d01ffa2cd45eb1d1d8dd5c5\windows-amd64

VM Arguments:
jvm_args: -Dfile.encoding=UTF-8 
java_command: org.gradle.launcher.GradleMain -Dorg.gradle.jvmargs=-Xmx4096m --stop
java_class_path (initial): D:\Program Files\Unity\Hub\Editor\2022.3.17f1\Editor\Data\PlaybackEngines\AndroidPlayer\Tools\gradle\lib\gradle-launcher-7.2.jar
Launcher Type: SUN_STANDARD

[Global flags]
     intx CICompilerCount                          = 4                                         {product} {ergonomic}
     uint ConcGCThreads                            = 2                                         {product} {ergonomic}
     uint G1ConcRefinementThreads                  = 8                                         {product} {ergonomic}
   size_t G1HeapRegionSize                         = 1048576                                   {product} {ergonomic}
    uintx GCDrainStackTargetSize                   = 64                                        {product} {ergonomic}
   size_t InitialHeapSize                          = 134217728                                 {product} {ergonomic}
   size_t MarkStackSize                            = 4194304                                   {product} {ergonomic}
   size_t MaxHeapSize                              = 2118123520                                {product} {ergonomic}
   size_t MaxNewSize                               = 1270874112                                {product} {ergonomic}
   size_t MinHeapDeltaBytes                        = 1048576                                   {product} {ergonomic}
    uintx NonNMethodCodeHeapSize                   = 5836300                                {pd product} {ergonomic}
    uintx NonProfiledCodeHeapSize                  = 122910970                              {pd product} {ergonomic}
    uintx ProfiledCodeHeapSize                     = 122910970                              {pd product} {ergonomic}
    uintx ReservedCodeCacheSize                    = 251658240                              {pd product} {ergonomic}
     bool SegmentedCodeCache                       = true                                      {product} {ergonomic}
     bool UseCompressedClassPointers               = true                                 {lp64_product} {ergonomic}
     bool UseCompressedOops                        = true                                 {lp64_product} {ergonomic}
     bool UseG1GC                                  = true                                      {product} {ergonomic}
     bool UseLargePagesIndividualAllocation        = false                                  {pd product} {ergonomic}

Logging:
Log output configuration:
 #0: stdout all=warning uptime,level,tags
 #1: stderr all=off uptime,level,tags

Environment Variables:
JAVA_HOME=D:\Program Files\Unity\Hub\Editor\2022.3.17f1\Editor\Data\PlaybackEngines\AndroidPlayer\OpenJDK
JAVA_TOOL_OPTIONS=-Dfile.encoding=UTF-8
PATH=C:\Windows\system32;C:\Windows;C:\Windows\System32\Wbem;C:\Windows\System32\WindowsPowerShell\v1.0\;C:\Windows\System32\OpenSSH\;C:\Program Files\Microsoft SQL Server\150\Tools\Binn\;C:\Program Files\Microsoft SQL Server\Client SDK\ODBC\170\Tools\Binn\;C:\Program Files\dotnet\;C:\Program Files\Git\cmd;C:\Program Files\Cloudflare\Cloudflare WARP\;C:\Users\vovak\AppData\Local\Programs\Python\Python312\Scripts\;C:\Users\vovak\AppData\Local\Programs\Python\Python312\;C:\Users\vovak\AppData\Local\Microsoft\WindowsApps;C:\Users\vovak\AppData\Local\Programs\Microsoft VS Code\bin;C:\Users\vovak\.dotnet\tools;D:\Program Files\JetBrains\PhpStorm 2023.3.2\bin;;D:\Program Files\JetBrains\PyCharm 2023.3.2\bin;;C:\Users\vovak\AppData\Local\GitHubDesktop\bin
USERNAME=vovak
OS=Windows_NT
PROCESSOR_IDENTIFIER=Intel64 Family 6 Model 158 Stepping 10, GenuineIntel



---------------  S Y S T E M  ---------------

OS: Windows 11 , 64 bit Build 22621 (10.0.22621.2506)
OS uptime: 3 days 23:27 hours
Hyper-V role detected

CPU:total 8 (initial active 8) (4 cores per cpu, 2 threads per core) family 6 model 158 stepping 10 microcode 0xf0, cmov, cx8, fxsr, mmx, sse, sse2, sse3, ssse3, sse4.1, sse4.2, popcnt, avx, avx2, aes, clmul, erms, 3dnowpref, lzcnt, ht, tsc, tscinvbit, bmi1, bmi2, adx, fma

Memory: 4k page, system-wide physical 8073M (575M free)
TotalPageFile size 20462M (AvailPageFile size 1M)
current process WorkingSet (physical memory assigned to process): 151M, peak: 151M
current process commit charge ("private bytes"): 254M, peak: 254M

vm_info: OpenJDK 64-Bit Server VM (11.0.14.1+1) for windows-amd64 JRE (11.0.14.1+1), built on Feb  9 2022 01:48:27 by "" with unknown MS VC++:1916

END.
